{"D:\\Personal Dev\\ProjectGrid-MERN-Stack-Project-Management-App\\backend\\index.js": {"path":"D:\\Personal Dev\\ProjectGrid-MERN-Stack-Project-Management-App\\backend\\index.js","statementMap":{"0":{"start":{"line":10,"column":0},"end":{"line":10,"column":16}},"1":{"start":{"line":12,"column":12},"end":{"line":12,"column":21}},"2":{"start":{"line":15,"column":0},"end":{"line":21,"column":2}},"3":{"start":{"line":23,"column":0},"end":{"line":23,"column":23}},"4":{"start":{"line":26,"column":0},"end":{"line":33,"column":5}},"5":{"start":{"line":29,"column":4},"end":{"line":29,"column":40}},"6":{"start":{"line":32,"column":4},"end":{"line":32,"column":52}},"7":{"start":{"line":35,"column":0},"end":{"line":35,"column":24}},"8":{"start":{"line":38,"column":18},"end":{"line":38,"column":32}},"9":{"start":{"line":39,"column":0},"end":{"line":39,"column":69}},"10":{"start":{"line":42,"column":13},"end":{"line":42,"column":37}},"11":{"start":{"line":45,"column":0},"end":{"line":49,"column":3}},"12":{"start":{"line":46,"column":2},"end":{"line":48,"column":5}},"13":{"start":{"line":52,"column":0},"end":{"line":52,"column":27}},"14":{"start":{"line":55,"column":0},"end":{"line":58,"column":3}},"15":{"start":{"line":56,"column":2},"end":{"line":56,"column":25}},"16":{"start":{"line":57,"column":2},"end":{"line":57,"column":61}},"17":{"start":{"line":61,"column":0},"end":{"line":65,"column":3}},"18":{"start":{"line":62,"column":2},"end":{"line":64,"column":5}},"19":{"start":{"line":68,"column":0},"end":{"line":72,"column":1}},"20":{"start":{"line":69,"column":2},"end":{"line":71,"column":5}},"21":{"start":{"line":70,"column":4},"end":{"line":70,"column":50}}},"fnMap":{"0":{"name":"(anonymous_0)","decl":{"start":{"line":28,"column":8},"end":{"line":28,"column":9}},"loc":{"start":{"line":28,"column":14},"end":{"line":30,"column":3}},"line":28},"1":{"name":"(anonymous_1)","decl":{"start":{"line":31,"column":9},"end":{"line":31,"column":10}},"loc":{"start":{"line":31,"column":18},"end":{"line":33,"column":3}},"line":31},"2":{"name":"(anonymous_2)","decl":{"start":{"line":45,"column":13},"end":{"line":45,"column":14}},"loc":{"start":{"line":45,"column":33},"end":{"line":49,"column":1}},"line":45},"3":{"name":"(anonymous_3)","decl":{"start":{"line":55,"column":8},"end":{"line":55,"column":9}},"loc":{"start":{"line":55,"column":33},"end":{"line":58,"column":1}},"line":55},"4":{"name":"(anonymous_4)","decl":{"start":{"line":61,"column":8},"end":{"line":61,"column":9}},"loc":{"start":{"line":61,"column":22},"end":{"line":65,"column":1}},"line":61},"5":{"name":"(anonymous_5)","decl":{"start":{"line":69,"column":19},"end":{"line":69,"column":20}},"loc":{"start":{"line":69,"column":25},"end":{"line":71,"column":3}},"line":69}},"branchMap":{"0":{"loc":{"start":{"line":42,"column":13},"end":{"line":42,"column":37}},"type":"binary-expr","locations":[{"start":{"line":42,"column":13},"end":{"line":42,"column":29}},{"start":{"line":42,"column":33},"end":{"line":42,"column":37}}],"line":42},"1":{"loc":{"start":{"line":68,"column":0},"end":{"line":72,"column":1}},"type":"if","locations":[{"start":{"line":68,"column":0},"end":{"line":72,"column":1}},{"start":{},"end":{}}],"line":68}},"s":{"0":1,"1":1,"2":1,"3":1,"4":1,"5":1,"6":0,"7":1,"8":1,"9":1,"10":1,"11":1,"12":1,"13":1,"14":1,"15":0,"16":0,"17":1,"18":0,"19":1,"20":0,"21":0},"f":{"0":1,"1":0,"2":1,"3":0,"4":0,"5":0},"b":{"0":[1,0],"1":[0,1]},"inputSourceMap":null,"_coverageSchema":"1a1c01bbd47fc00a2c39e90264f33305004495a9","hash":"3964806e2affa1c4b5fa3c40650f78ae89e2563d"}
,"D:\\Personal Dev\\ProjectGrid-MERN-Stack-Project-Management-App\\backend\\controllers\\auth-controller.js": {"path":"D:\\Personal Dev\\ProjectGrid-MERN-Stack-Project-Management-App\\backend\\controllers\\auth-controller.js","statementMap":{"0":{"start":{"line":9,"column":37},"end":{"line":31,"column":1}},"1":{"start":{"line":9,"column":65},"end":{"line":31,"column":1}},"2":{"start":{"line":34,"column":38},"end":{"line":56,"column":1}},"3":{"start":{"line":34,"column":67},"end":{"line":56,"column":1}},"4":{"start":{"line":59,"column":30},"end":{"line":86,"column":1}},"5":{"start":{"line":59,"column":45},"end":{"line":86,"column":1}},"6":{"start":{"line":89,"column":21},"end":{"line":151,"column":1}},"7":{"start":{"line":90,"column":2},"end":{"line":150,"column":3}},"8":{"start":{"line":91,"column":38},"end":{"line":91,"column":46}},"9":{"start":{"line":93,"column":21},"end":{"line":93,"column":53}},"10":{"start":{"line":94,"column":4},"end":{"line":96,"column":5}},"11":{"start":{"line":95,"column":6},"end":{"line":95,"column":72}},"12":{"start":{"line":98,"column":25},"end":{"line":98,"column":54}},"13":{"start":{"line":99,"column":4},"end":{"line":102,"column":66}},"14":{"start":{"line":100,"column":6},"end":{"line":102,"column":66}},"15":{"start":{"line":104,"column":17},"end":{"line":104,"column":41}},"16":{"start":{"line":105,"column":25},"end":{"line":105,"column":58}},"17":{"start":{"line":107,"column":20},"end":{"line":112,"column":6}},"18":{"start":{"line":114,"column":30},"end":{"line":122,"column":5}},"19":{"start":{"line":124,"column":4},"end":{"line":128,"column":7}},"20":{"start":{"line":130,"column":29},"end":{"line":130,"column":98}},"21":{"start":{"line":131,"column":22},"end":{"line":131,"column":74}},"22":{"start":{"line":132,"column":25},"end":{"line":132,"column":58}},"23":{"start":{"line":134,"column":24},"end":{"line":134,"column":71}},"24":{"start":{"line":135,"column":4},"end":{"line":139,"column":5}},"25":{"start":{"line":136,"column":6},"end":{"line":138,"column":64}},"26":{"start":{"line":141,"column":4},"end":{"line":145,"column":7}},"27":{"start":{"line":147,"column":4},"end":{"line":149,"column":73}},"28":{"start":{"line":154,"column":18},"end":{"line":248,"column":1}},"29":{"start":{"line":155,"column":2},"end":{"line":247,"column":3}},"30":{"start":{"line":156,"column":32},"end":{"line":156,"column":40}},"31":{"start":{"line":157,"column":17},"end":{"line":157,"column":66}},"32":{"start":{"line":159,"column":4},"end":{"line":160,"column":76}},"33":{"start":{"line":160,"column":6},"end":{"line":160,"column":76}},"34":{"start":{"line":162,"column":4},"end":{"line":199,"column":5}},"35":{"start":{"line":163,"column":35},"end":{"line":165,"column":8}},"36":{"start":{"line":166,"column":6},"end":{"line":198,"column":7}},"37":{"start":{"line":167,"column":8},"end":{"line":170,"column":11}},"38":{"start":{"line":172,"column":8},"end":{"line":173,"column":73}},"39":{"start":{"line":173,"column":10},"end":{"line":173,"column":73}},"40":{"start":{"line":175,"column":34},"end":{"line":179,"column":9}},"41":{"start":{"line":181,"column":8},"end":{"line":185,"column":11}},"42":{"start":{"line":187,"column":33},"end":{"line":187,"column":102}},"43":{"start":{"line":188,"column":26},"end":{"line":191,"column":9}},"44":{"start":{"line":192,"column":29},"end":{"line":192,"column":62}},"45":{"start":{"line":193,"column":8},"end":{"line":193,"column":56}},"46":{"start":{"line":195,"column":8},"end":{"line":197,"column":11}},"47":{"start":{"line":201,"column":28},"end":{"line":201,"column":73}},"48":{"start":{"line":202,"column":4},"end":{"line":203,"column":76}},"49":{"start":{"line":203,"column":6},"end":{"line":203,"column":76}},"50":{"start":{"line":206,"column":4},"end":{"line":227,"column":5}},"51":{"start":{"line":207,"column":18},"end":{"line":207,"column":72}},"52":{"start":{"line":208,"column":23},"end":{"line":212,"column":7}},"53":{"start":{"line":214,"column":6},"end":{"line":214,"column":26}},"54":{"start":{"line":215,"column":6},"end":{"line":215,"column":63}},"55":{"start":{"line":216,"column":6},"end":{"line":216,"column":24}},"56":{"start":{"line":218,"column":24},"end":{"line":218,"column":61}},"57":{"start":{"line":219,"column":6},"end":{"line":219,"column":77}},"58":{"start":{"line":221,"column":6},"end":{"line":226,"column":9}},"59":{"start":{"line":230,"column":18},"end":{"line":234,"column":5}},"60":{"start":{"line":235,"column":4},"end":{"line":235,"column":32}},"61":{"start":{"line":236,"column":4},"end":{"line":236,"column":22}},"62":{"start":{"line":238,"column":21},"end":{"line":238,"column":36}},"63":{"start":{"line":239,"column":4},"end":{"line":239,"column":29}},"64":{"start":{"line":241,"column":4},"end":{"line":243,"column":68}},"65":{"start":{"line":245,"column":4},"end":{"line":245,"column":23}},"66":{"start":{"line":246,"column":4},"end":{"line":246,"column":63}},"67":{"start":{"line":251,"column":23},"end":{"line":297,"column":1}},"68":{"start":{"line":252,"column":2},"end":{"line":296,"column":3}},"69":{"start":{"line":253,"column":30},"end":{"line":253,"column":38}},"70":{"start":{"line":254,"column":4},"end":{"line":255,"column":77}},"71":{"start":{"line":255,"column":6},"end":{"line":255,"column":77}},"72":{"start":{"line":258,"column":4},"end":{"line":264,"column":5}},"73":{"start":{"line":259,"column":6},"end":{"line":259,"column":61}},"74":{"start":{"line":260,"column":6},"end":{"line":261,"column":49}},"75":{"start":{"line":261,"column":8},"end":{"line":261,"column":49}},"76":{"start":{"line":263,"column":6},"end":{"line":263,"column":79}},"77":{"start":{"line":266,"column":17},"end":{"line":268,"column":5}},"78":{"start":{"line":269,"column":4},"end":{"line":269,"column":74}},"79":{"start":{"line":269,"column":15},"end":{"line":269,"column":74}},"80":{"start":{"line":271,"column":4},"end":{"line":272,"column":79}},"81":{"start":{"line":272,"column":6},"end":{"line":272,"column":79}},"82":{"start":{"line":273,"column":4},"end":{"line":274,"column":62}},"83":{"start":{"line":274,"column":6},"end":{"line":274,"column":62}},"84":{"start":{"line":276,"column":4},"end":{"line":276,"column":25}},"85":{"start":{"line":277,"column":4},"end":{"line":277,"column":32}},"86":{"start":{"line":278,"column":4},"end":{"line":278,"column":22}},"87":{"start":{"line":280,"column":18},"end":{"line":284,"column":5}},"88":{"start":{"line":285,"column":21},"end":{"line":285,"column":36}},"89":{"start":{"line":286,"column":4},"end":{"line":286,"column":29}},"90":{"start":{"line":288,"column":4},"end":{"line":292,"column":7}},"91":{"start":{"line":294,"column":4},"end":{"line":294,"column":55}},"92":{"start":{"line":295,"column":4},"end":{"line":295,"column":54}},"93":{"start":{"line":300,"column":20},"end":{"line":344,"column":1}},"94":{"start":{"line":301,"column":2},"end":{"line":343,"column":3}},"95":{"start":{"line":302,"column":22},"end":{"line":302,"column":30}},"96":{"start":{"line":303,"column":4},"end":{"line":303,"column":78}},"97":{"start":{"line":303,"column":16},"end":{"line":303,"column":78}},"98":{"start":{"line":306,"column":4},"end":{"line":310,"column":5}},"99":{"start":{"line":307,"column":6},"end":{"line":307,"column":58}},"100":{"start":{"line":309,"column":6},"end":{"line":309,"column":75}},"101":{"start":{"line":312,"column":32},"end":{"line":312,"column":39}},"102":{"start":{"line":313,"column":4},"end":{"line":314,"column":72}},"103":{"start":{"line":314,"column":6},"end":{"line":314,"column":72}},"104":{"start":{"line":316,"column":25},"end":{"line":316,"column":70}},"105":{"start":{"line":317,"column":4},"end":{"line":320,"column":68}},"106":{"start":{"line":318,"column":6},"end":{"line":320,"column":68}},"107":{"start":{"line":321,"column":4},"end":{"line":324,"column":61}},"108":{"start":{"line":322,"column":6},"end":{"line":324,"column":61}},"109":{"start":{"line":326,"column":17},"end":{"line":326,"column":44}},"110":{"start":{"line":327,"column":4},"end":{"line":327,"column":74}},"111":{"start":{"line":327,"column":15},"end":{"line":327,"column":74}},"112":{"start":{"line":328,"column":4},"end":{"line":329,"column":76}},"113":{"start":{"line":329,"column":6},"end":{"line":329,"column":76}},"114":{"start":{"line":331,"column":4},"end":{"line":331,"column":32}},"115":{"start":{"line":332,"column":4},"end":{"line":332,"column":22}},"116":{"start":{"line":333,"column":4},"end":{"line":333,"column":59}},"117":{"start":{"line":335,"column":4},"end":{"line":338,"column":7}},"118":{"start":{"line":340,"column":4},"end":{"line":342,"column":72}},"119":{"start":{"line":347,"column":29},"end":{"line":402,"column":1}},"120":{"start":{"line":348,"column":2},"end":{"line":401,"column":3}},"121":{"start":{"line":349,"column":22},"end":{"line":349,"column":30}},"122":{"start":{"line":350,"column":17},"end":{"line":350,"column":46}},"123":{"start":{"line":351,"column":4},"end":{"line":351,"column":74}},"124":{"start":{"line":351,"column":15},"end":{"line":351,"column":74}},"125":{"start":{"line":352,"column":4},"end":{"line":356,"column":9}},"126":{"start":{"line":353,"column":6},"end":{"line":356,"column":9}},"127":{"start":{"line":358,"column":33},"end":{"line":360,"column":6}},"128":{"start":{"line":361,"column":4},"end":{"line":365,"column":9}},"129":{"start":{"line":362,"column":6},"end":{"line":365,"column":9}},"130":{"start":{"line":366,"column":4},"end":{"line":367,"column":69}},"131":{"start":{"line":367,"column":6},"end":{"line":367,"column":69}},"132":{"start":{"line":369,"column":31},"end":{"line":373,"column":5}},"133":{"start":{"line":375,"column":4},"end":{"line":379,"column":7}},"134":{"start":{"line":381,"column":30},"end":{"line":381,"column":102}},"135":{"start":{"line":382,"column":22},"end":{"line":385,"column":5}},"136":{"start":{"line":386,"column":25},"end":{"line":386,"column":63}},"137":{"start":{"line":388,"column":24},"end":{"line":388,"column":71}},"138":{"start":{"line":389,"column":4},"end":{"line":392,"column":66}},"139":{"start":{"line":390,"column":6},"end":{"line":392,"column":66}},"140":{"start":{"line":394,"column":4},"end":{"line":396,"column":79}},"141":{"start":{"line":398,"column":4},"end":{"line":400,"column":72}},"142":{"start":{"line":405,"column":31},"end":{"line":446,"column":1}},"143":{"start":{"line":406,"column":2},"end":{"line":445,"column":3}},"144":{"start":{"line":407,"column":52},"end":{"line":407,"column":60}},"145":{"start":{"line":408,"column":20},"end":{"line":408,"column":61}},"146":{"start":{"line":409,"column":4},"end":{"line":410,"column":71}},"147":{"start":{"line":410,"column":6},"end":{"line":410,"column":71}},"148":{"start":{"line":412,"column":32},"end":{"line":412,"column":39}},"149":{"start":{"line":413,"column":4},"end":{"line":414,"column":72}},"150":{"start":{"line":414,"column":6},"end":{"line":414,"column":72}},"151":{"start":{"line":416,"column":25},"end":{"line":416,"column":70}},"152":{"start":{"line":417,"column":4},"end":{"line":417,"column":80}},"153":{"start":{"line":417,"column":23},"end":{"line":417,"column":80}},"154":{"start":{"line":418,"column":4},"end":{"line":421,"column":61}},"155":{"start":{"line":419,"column":6},"end":{"line":421,"column":61}},"156":{"start":{"line":423,"column":17},"end":{"line":423,"column":44}},"157":{"start":{"line":424,"column":4},"end":{"line":424,"column":74}},"158":{"start":{"line":424,"column":15},"end":{"line":424,"column":74}},"159":{"start":{"line":425,"column":4},"end":{"line":428,"column":77}},"160":{"start":{"line":426,"column":6},"end":{"line":428,"column":77}},"161":{"start":{"line":430,"column":17},"end":{"line":430,"column":41}},"162":{"start":{"line":431,"column":25},"end":{"line":431,"column":61}},"163":{"start":{"line":433,"column":4},"end":{"line":433,"column":33}},"164":{"start":{"line":434,"column":4},"end":{"line":434,"column":22}},"165":{"start":{"line":435,"column":4},"end":{"line":435,"column":59}},"166":{"start":{"line":437,"column":4},"end":{"line":440,"column":7}},"167":{"start":{"line":442,"column":4},"end":{"line":444,"column":72}}},"fnMap":{"0":{"name":"(anonymous_0)","decl":{"start":{"line":9,"column":37},"end":{"line":9,"column":38}},"loc":{"start":{"line":9,"column":65},"end":{"line":31,"column":1}},"line":9},"1":{"name":"(anonymous_1)","decl":{"start":{"line":34,"column":38},"end":{"line":34,"column":39}},"loc":{"start":{"line":34,"column":67},"end":{"line":56,"column":1}},"line":34},"2":{"name":"(anonymous_2)","decl":{"start":{"line":59,"column":30},"end":{"line":59,"column":31}},"loc":{"start":{"line":59,"column":45},"end":{"line":86,"column":1}},"line":59},"3":{"name":"(anonymous_3)","decl":{"start":{"line":89,"column":21},"end":{"line":89,"column":22}},"loc":{"start":{"line":89,"column":41},"end":{"line":151,"column":1}},"line":89},"4":{"name":"(anonymous_4)","decl":{"start":{"line":154,"column":18},"end":{"line":154,"column":19}},"loc":{"start":{"line":154,"column":38},"end":{"line":248,"column":1}},"line":154},"5":{"name":"(anonymous_5)","decl":{"start":{"line":251,"column":23},"end":{"line":251,"column":24}},"loc":{"start":{"line":251,"column":43},"end":{"line":297,"column":1}},"line":251},"6":{"name":"(anonymous_6)","decl":{"start":{"line":300,"column":20},"end":{"line":300,"column":21}},"loc":{"start":{"line":300,"column":40},"end":{"line":344,"column":1}},"line":300},"7":{"name":"(anonymous_7)","decl":{"start":{"line":347,"column":29},"end":{"line":347,"column":30}},"loc":{"start":{"line":347,"column":49},"end":{"line":402,"column":1}},"line":347},"8":{"name":"(anonymous_8)","decl":{"start":{"line":405,"column":31},"end":{"line":405,"column":32}},"loc":{"start":{"line":405,"column":51},"end":{"line":446,"column":1}},"line":405}},"branchMap":{"0":{"loc":{"start":{"line":94,"column":4},"end":{"line":96,"column":5}},"type":"if","locations":[{"start":{"line":94,"column":4},"end":{"line":96,"column":5}},{"start":{},"end":{}}],"line":94},"1":{"loc":{"start":{"line":99,"column":4},"end":{"line":102,"column":66}},"type":"if","locations":[{"start":{"line":99,"column":4},"end":{"line":102,"column":66}},{"start":{},"end":{}}],"line":99},"2":{"loc":{"start":{"line":135,"column":4},"end":{"line":139,"column":5}},"type":"if","locations":[{"start":{"line":135,"column":4},"end":{"line":139,"column":5}},{"start":{},"end":{}}],"line":135},"3":{"loc":{"start":{"line":159,"column":4},"end":{"line":160,"column":76}},"type":"if","locations":[{"start":{"line":159,"column":4},"end":{"line":160,"column":76}},{"start":{},"end":{}}],"line":159},"4":{"loc":{"start":{"line":162,"column":4},"end":{"line":199,"column":5}},"type":"if","locations":[{"start":{"line":162,"column":4},"end":{"line":199,"column":5}},{"start":{},"end":{}}],"line":162},"5":{"loc":{"start":{"line":166,"column":6},"end":{"line":198,"column":7}},"type":"if","locations":[{"start":{"line":166,"column":6},"end":{"line":198,"column":7}},{"start":{"line":171,"column":13},"end":{"line":198,"column":7}}],"line":166},"6":{"loc":{"start":{"line":166,"column":10},"end":{"line":166,"column":77}},"type":"binary-expr","locations":[{"start":{"line":166,"column":10},"end":{"line":166,"column":30}},{"start":{"line":166,"column":34},"end":{"line":166,"column":77}}],"line":166},"7":{"loc":{"start":{"line":172,"column":8},"end":{"line":173,"column":73}},"type":"if","locations":[{"start":{"line":172,"column":8},"end":{"line":173,"column":73}},{"start":{},"end":{}}],"line":172},"8":{"loc":{"start":{"line":202,"column":4},"end":{"line":203,"column":76}},"type":"if","locations":[{"start":{"line":202,"column":4},"end":{"line":203,"column":76}},{"start":{},"end":{}}],"line":202},"9":{"loc":{"start":{"line":206,"column":4},"end":{"line":227,"column":5}},"type":"if","locations":[{"start":{"line":206,"column":4},"end":{"line":227,"column":5}},{"start":{},"end":{}}],"line":206},"10":{"loc":{"start":{"line":254,"column":4},"end":{"line":255,"column":77}},"type":"if","locations":[{"start":{"line":254,"column":4},"end":{"line":255,"column":77}},{"start":{},"end":{}}],"line":254},"11":{"loc":{"start":{"line":254,"column":8},"end":{"line":254,"column":25}},"type":"binary-expr","locations":[{"start":{"line":254,"column":8},"end":{"line":254,"column":12}},{"start":{"line":254,"column":16},"end":{"line":254,"column":25}}],"line":254},"12":{"loc":{"start":{"line":260,"column":6},"end":{"line":261,"column":49}},"type":"if","locations":[{"start":{"line":260,"column":6},"end":{"line":261,"column":49}},{"start":{},"end":{}}],"line":260},"13":{"loc":{"start":{"line":269,"column":4},"end":{"line":269,"column":74}},"type":"if","locations":[{"start":{"line":269,"column":4},"end":{"line":269,"column":74}},{"start":{},"end":{}}],"line":269},"14":{"loc":{"start":{"line":271,"column":4},"end":{"line":272,"column":79}},"type":"if","locations":[{"start":{"line":271,"column":4},"end":{"line":272,"column":79}},{"start":{},"end":{}}],"line":271},"15":{"loc":{"start":{"line":271,"column":8},"end":{"line":271,"column":59}},"type":"binary-expr","locations":[{"start":{"line":271,"column":8},"end":{"line":271,"column":22}},{"start":{"line":271,"column":26},"end":{"line":271,"column":59}}],"line":271},"16":{"loc":{"start":{"line":273,"column":4},"end":{"line":274,"column":62}},"type":"if","locations":[{"start":{"line":273,"column":4},"end":{"line":274,"column":62}},{"start":{},"end":{}}],"line":273},"17":{"loc":{"start":{"line":303,"column":4},"end":{"line":303,"column":78}},"type":"if","locations":[{"start":{"line":303,"column":4},"end":{"line":303,"column":78}},{"start":{},"end":{}}],"line":303},"18":{"loc":{"start":{"line":313,"column":4},"end":{"line":314,"column":72}},"type":"if","locations":[{"start":{"line":313,"column":4},"end":{"line":314,"column":72}},{"start":{},"end":{}}],"line":313},"19":{"loc":{"start":{"line":317,"column":4},"end":{"line":320,"column":68}},"type":"if","locations":[{"start":{"line":317,"column":4},"end":{"line":320,"column":68}},{"start":{},"end":{}}],"line":317},"20":{"loc":{"start":{"line":321,"column":4},"end":{"line":324,"column":61}},"type":"if","locations":[{"start":{"line":321,"column":4},"end":{"line":324,"column":61}},{"start":{},"end":{}}],"line":321},"21":{"loc":{"start":{"line":327,"column":4},"end":{"line":327,"column":74}},"type":"if","locations":[{"start":{"line":327,"column":4},"end":{"line":327,"column":74}},{"start":{},"end":{}}],"line":327},"22":{"loc":{"start":{"line":328,"column":4},"end":{"line":329,"column":76}},"type":"if","locations":[{"start":{"line":328,"column":4},"end":{"line":329,"column":76}},{"start":{},"end":{}}],"line":328},"23":{"loc":{"start":{"line":351,"column":4},"end":{"line":351,"column":74}},"type":"if","locations":[{"start":{"line":351,"column":4},"end":{"line":351,"column":74}},{"start":{},"end":{}}],"line":351},"24":{"loc":{"start":{"line":352,"column":4},"end":{"line":356,"column":9}},"type":"if","locations":[{"start":{"line":352,"column":4},"end":{"line":356,"column":9}},{"start":{},"end":{}}],"line":352},"25":{"loc":{"start":{"line":361,"column":4},"end":{"line":365,"column":9}},"type":"if","locations":[{"start":{"line":361,"column":4},"end":{"line":365,"column":9}},{"start":{},"end":{}}],"line":361},"26":{"loc":{"start":{"line":361,"column":8},"end":{"line":361,"column":75}},"type":"binary-expr","locations":[{"start":{"line":361,"column":8},"end":{"line":361,"column":28}},{"start":{"line":361,"column":32},"end":{"line":361,"column":75}}],"line":361},"27":{"loc":{"start":{"line":366,"column":4},"end":{"line":367,"column":69}},"type":"if","locations":[{"start":{"line":366,"column":4},"end":{"line":367,"column":69}},{"start":{},"end":{}}],"line":366},"28":{"loc":{"start":{"line":366,"column":8},"end":{"line":366,"column":75}},"type":"binary-expr","locations":[{"start":{"line":366,"column":8},"end":{"line":366,"column":28}},{"start":{"line":366,"column":32},"end":{"line":366,"column":75}}],"line":366},"29":{"loc":{"start":{"line":389,"column":4},"end":{"line":392,"column":66}},"type":"if","locations":[{"start":{"line":389,"column":4},"end":{"line":392,"column":66}},{"start":{},"end":{}}],"line":389},"30":{"loc":{"start":{"line":409,"column":4},"end":{"line":410,"column":71}},"type":"if","locations":[{"start":{"line":409,"column":4},"end":{"line":410,"column":71}},{"start":{},"end":{}}],"line":409},"31":{"loc":{"start":{"line":413,"column":4},"end":{"line":414,"column":72}},"type":"if","locations":[{"start":{"line":413,"column":4},"end":{"line":414,"column":72}},{"start":{},"end":{}}],"line":413},"32":{"loc":{"start":{"line":417,"column":4},"end":{"line":417,"column":80}},"type":"if","locations":[{"start":{"line":417,"column":4},"end":{"line":417,"column":80}},{"start":{},"end":{}}],"line":417},"33":{"loc":{"start":{"line":418,"column":4},"end":{"line":421,"column":61}},"type":"if","locations":[{"start":{"line":418,"column":4},"end":{"line":421,"column":61}},{"start":{},"end":{}}],"line":418},"34":{"loc":{"start":{"line":424,"column":4},"end":{"line":424,"column":74}},"type":"if","locations":[{"start":{"line":424,"column":4},"end":{"line":424,"column":74}},{"start":{},"end":{}}],"line":424},"35":{"loc":{"start":{"line":425,"column":4},"end":{"line":428,"column":77}},"type":"if","locations":[{"start":{"line":425,"column":4},"end":{"line":428,"column":77}},{"start":{},"end":{}}],"line":425}},"s":{"0":1,"1":0,"2":1,"3":0,"4":1,"5":0,"6":1,"7":0,"8":0,"9":0,"10":0,"11":0,"12":0,"13":0,"14":0,"15":0,"16":0,"17":0,"18":0,"19":0,"20":0,"21":0,"22":0,"23":0,"24":0,"25":0,"26":0,"27":0,"28":1,"29":0,"30":0,"31":0,"32":0,"33":0,"34":0,"35":0,"36":0,"37":0,"38":0,"39":0,"40":0,"41":0,"42":0,"43":0,"44":0,"45":0,"46":0,"47":0,"48":0,"49":0,"50":0,"51":0,"52":0,"53":0,"54":0,"55":0,"56":0,"57":0,"58":0,"59":0,"60":0,"61":0,"62":0,"63":0,"64":0,"65":0,"66":0,"67":1,"68":0,"69":0,"70":0,"71":0,"72":0,"73":0,"74":0,"75":0,"76":0,"77":0,"78":0,"79":0,"80":0,"81":0,"82":0,"83":0,"84":0,"85":0,"86":0,"87":0,"88":0,"89":0,"90":0,"91":0,"92":0,"93":1,"94":0,"95":0,"96":0,"97":0,"98":0,"99":0,"100":0,"101":0,"102":0,"103":0,"104":0,"105":0,"106":0,"107":0,"108":0,"109":0,"110":0,"111":0,"112":0,"113":0,"114":0,"115":0,"116":0,"117":0,"118":0,"119":1,"120":0,"121":0,"122":0,"123":0,"124":0,"125":0,"126":0,"127":0,"128":0,"129":0,"130":0,"131":0,"132":0,"133":0,"134":0,"135":0,"136":0,"137":0,"138":0,"139":0,"140":0,"141":0,"142":1,"143":0,"144":0,"145":0,"146":0,"147":0,"148":0,"149":0,"150":0,"151":0,"152":0,"153":0,"154":0,"155":0,"156":0,"157":0,"158":0,"159":0,"160":0,"161":0,"162":0,"163":0,"164":0,"165":0,"166":0,"167":0},"f":{"0":0,"1":0,"2":0,"3":0,"4":0,"5":0,"6":0,"7":0,"8":0},"b":{"0":[0,0],"1":[0,0],"2":[0,0],"3":[0,0],"4":[0,0],"5":[0,0],"6":[0,0],"7":[0,0],"8":[0,0],"9":[0,0],"10":[0,0],"11":[0,0],"12":[0,0],"13":[0,0],"14":[0,0],"15":[0,0],"16":[0,0],"17":[0,0],"18":[0,0],"19":[0,0],"20":[0,0],"21":[0,0],"22":[0,0],"23":[0,0],"24":[0,0],"25":[0,0],"26":[0,0],"27":[0,0],"28":[0,0],"29":[0,0],"30":[0,0],"31":[0,0],"32":[0,0],"33":[0,0],"34":[0,0],"35":[0,0]},"inputSourceMap":null,"_coverageSchema":"1a1c01bbd47fc00a2c39e90264f33305004495a9","hash":"bd9b2bcd9b20329a1d51a8a737163ee106185c9a"}
,"D:\\Personal Dev\\ProjectGrid-MERN-Stack-Project-Management-App\\backend\\controllers\\project.js": {"path":"D:\\Personal Dev\\ProjectGrid-MERN-Stack-Project-Management-App\\backend\\controllers\\project.js","statementMap":{"0":{"start":{"line":10,"column":22},"end":{"line":53,"column":1}},"1":{"start":{"line":11,"column":2},"end":{"line":52,"column":3}},"2":{"start":{"line":12,"column":28},"end":{"line":12,"column":38}},"3":{"start":{"line":14,"column":6},"end":{"line":14,"column":14}},"4":{"start":{"line":17,"column":22},"end":{"line":17,"column":59}},"5":{"start":{"line":18,"column":4},"end":{"line":20,"column":5}},"6":{"start":{"line":19,"column":6},"end":{"line":19,"column":70}},"7":{"start":{"line":23,"column":21},"end":{"line":25,"column":5}},"8":{"start":{"line":24,"column":18},"end":{"line":24,"column":68}},"9":{"start":{"line":26,"column":4},"end":{"line":30,"column":5}},"10":{"start":{"line":27,"column":6},"end":{"line":29,"column":69}},"11":{"start":{"line":33,"column":23},"end":{"line":42,"column":6}},"12":{"start":{"line":45,"column":4},"end":{"line":45,"column":44}},"13":{"start":{"line":46,"column":4},"end":{"line":46,"column":27}},"14":{"start":{"line":48,"column":4},"end":{"line":48,"column":44}},"15":{"start":{"line":50,"column":4},"end":{"line":50,"column":52}},"16":{"start":{"line":51,"column":4},"end":{"line":51,"column":70}},"17":{"start":{"line":58,"column":26},"end":{"line":88,"column":1}},"18":{"start":{"line":59,"column":2},"end":{"line":87,"column":3}},"19":{"start":{"line":60,"column":26},"end":{"line":60,"column":36}},"20":{"start":{"line":63,"column":20},"end":{"line":66,"column":5}},"21":{"start":{"line":68,"column":4},"end":{"line":70,"column":5}},"22":{"start":{"line":69,"column":6},"end":{"line":69,"column":68}},"23":{"start":{"line":73,"column":21},"end":{"line":75,"column":5}},"24":{"start":{"line":74,"column":18},"end":{"line":74,"column":72}},"25":{"start":{"line":77,"column":4},"end":{"line":81,"column":5}},"26":{"start":{"line":78,"column":6},"end":{"line":80,"column":67}},"27":{"start":{"line":83,"column":4},"end":{"line":83,"column":41}},"28":{"start":{"line":85,"column":4},"end":{"line":85,"column":60}},"29":{"start":{"line":86,"column":4},"end":{"line":86,"column":70}},"30":{"start":{"line":93,"column":24},"end":{"line":130,"column":1}},"31":{"start":{"line":94,"column":2},"end":{"line":129,"column":3}},"32":{"start":{"line":95,"column":26},"end":{"line":95,"column":36}},"33":{"start":{"line":98,"column":20},"end":{"line":101,"column":5}},"34":{"start":{"line":103,"column":4},"end":{"line":105,"column":5}},"35":{"start":{"line":104,"column":6},"end":{"line":104,"column":68}},"36":{"start":{"line":108,"column":21},"end":{"line":110,"column":5}},"37":{"start":{"line":109,"column":18},"end":{"line":109,"column":72}},"38":{"start":{"line":112,"column":4},"end":{"line":116,"column":5}},"39":{"start":{"line":113,"column":6},"end":{"line":115,"column":67}},"40":{"start":{"line":119,"column":18},"end":{"line":123,"column":30}},"41":{"start":{"line":125,"column":4},"end":{"line":125,"column":52}},"42":{"start":{"line":127,"column":4},"end":{"line":127,"column":58}},"43":{"start":{"line":128,"column":4},"end":{"line":128,"column":70}},"44":{"start":{"line":135,"column":22},"end":{"line":160,"column":1}},"45":{"start":{"line":136,"column":2},"end":{"line":159,"column":3}},"46":{"start":{"line":137,"column":26},"end":{"line":137,"column":36}},"47":{"start":{"line":138,"column":43},"end":{"line":138,"column":51}},"48":{"start":{"line":140,"column":20},"end":{"line":140,"column":53}},"49":{"start":{"line":141,"column":4},"end":{"line":141,"column":80}},"50":{"start":{"line":141,"column":18},"end":{"line":141,"column":80}},"51":{"start":{"line":144,"column":22},"end":{"line":144,"column":65}},"52":{"start":{"line":145,"column":21},"end":{"line":147,"column":5}},"53":{"start":{"line":146,"column":13},"end":{"line":146,"column":58}},"54":{"start":{"line":148,"column":4},"end":{"line":148,"column":78}},"55":{"start":{"line":148,"column":19},"end":{"line":148,"column":78}},"56":{"start":{"line":150,"column":4},"end":{"line":150,"column":51}},"57":{"start":{"line":150,"column":29},"end":{"line":150,"column":51}},"58":{"start":{"line":151,"column":4},"end":{"line":151,"column":69}},"59":{"start":{"line":151,"column":35},"end":{"line":151,"column":69}},"60":{"start":{"line":152,"column":4},"end":{"line":152,"column":54}},"61":{"start":{"line":152,"column":30},"end":{"line":152,"column":54}},"62":{"start":{"line":154,"column":4},"end":{"line":154,"column":25}},"63":{"start":{"line":155,"column":4},"end":{"line":155,"column":34}},"64":{"start":{"line":157,"column":4},"end":{"line":157,"column":52}},"65":{"start":{"line":158,"column":4},"end":{"line":158,"column":63}},"66":{"start":{"line":165,"column":22},"end":{"line":223,"column":1}},"67":{"start":{"line":166,"column":2},"end":{"line":222,"column":3}},"68":{"start":{"line":167,"column":26},"end":{"line":167,"column":36}},"69":{"start":{"line":169,"column":20},"end":{"line":169,"column":53}},"70":{"start":{"line":170,"column":4},"end":{"line":170,"column":80}},"71":{"start":{"line":170,"column":18},"end":{"line":170,"column":80}},"72":{"start":{"line":172,"column":22},"end":{"line":172,"column":65}},"73":{"start":{"line":173,"column":4},"end":{"line":174,"column":70}},"74":{"start":{"line":174,"column":6},"end":{"line":174,"column":70}},"75":{"start":{"line":177,"column":19},"end":{"line":179,"column":5}},"76":{"start":{"line":178,"column":13},"end":{"line":178,"column":58}},"77":{"start":{"line":180,"column":4},"end":{"line":182,"column":5}},"78":{"start":{"line":181,"column":6},"end":{"line":181,"column":65}},"79":{"start":{"line":185,"column":4},"end":{"line":187,"column":6}},"80":{"start":{"line":186,"column":14},"end":{"line":186,"column":41}},"81":{"start":{"line":188,"column":4},"end":{"line":188,"column":27}},"82":{"start":{"line":191,"column":18},"end":{"line":191,"column":57}},"83":{"start":{"line":192,"column":20},"end":{"line":192,"column":49}},"84":{"start":{"line":192,"column":40},"end":{"line":192,"column":48}},"85":{"start":{"line":195,"column":21},"end":{"line":195,"column":67}},"86":{"start":{"line":196,"column":23},"end":{"line":196,"column":61}},"87":{"start":{"line":196,"column":49},"end":{"line":196,"column":60}},"88":{"start":{"line":199,"column":4},"end":{"line":199,"column":57}},"89":{"start":{"line":202,"column":4},"end":{"line":208,"column":7}},"90":{"start":{"line":211,"column":4},"end":{"line":211,"column":50}},"91":{"start":{"line":214,"column":4},"end":{"line":214,"column":47}},"92":{"start":{"line":216,"column":4},"end":{"line":218,"column":74}},"93":{"start":{"line":220,"column":4},"end":{"line":220,"column":52}},"94":{"start":{"line":221,"column":4},"end":{"line":221,"column":63}},"95":{"start":{"line":228,"column":29},"end":{"line":261,"column":1}},"96":{"start":{"line":229,"column":2},"end":{"line":260,"column":3}},"97":{"start":{"line":230,"column":28},"end":{"line":230,"column":38}},"98":{"start":{"line":232,"column":22},"end":{"line":235,"column":6}},"99":{"start":{"line":237,"column":4},"end":{"line":239,"column":5}},"100":{"start":{"line":238,"column":6},"end":{"line":238,"column":70}},"101":{"start":{"line":242,"column":21},"end":{"line":244,"column":5}},"102":{"start":{"line":243,"column":13},"end":{"line":243,"column":58}},"103":{"start":{"line":245,"column":4},"end":{"line":247,"column":5}},"104":{"start":{"line":246,"column":6},"end":{"line":246,"column":71}},"105":{"start":{"line":249,"column":4},"end":{"line":254,"column":5}},"106":{"start":{"line":250,"column":6},"end":{"line":253,"column":9}},"107":{"start":{"line":256,"column":4},"end":{"line":256,"column":66}},"108":{"start":{"line":258,"column":4},"end":{"line":258,"column":63}},"109":{"start":{"line":259,"column":4},"end":{"line":259,"column":70}}},"fnMap":{"0":{"name":"(anonymous_0)","decl":{"start":{"line":10,"column":22},"end":{"line":10,"column":23}},"loc":{"start":{"line":10,"column":42},"end":{"line":53,"column":1}},"line":10},"1":{"name":"(anonymous_1)","decl":{"start":{"line":24,"column":6},"end":{"line":24,"column":7}},"loc":{"start":{"line":24,"column":18},"end":{"line":24,"column":68}},"line":24},"2":{"name":"(anonymous_2)","decl":{"start":{"line":58,"column":26},"end":{"line":58,"column":27}},"loc":{"start":{"line":58,"column":46},"end":{"line":88,"column":1}},"line":58},"3":{"name":"(anonymous_3)","decl":{"start":{"line":74,"column":6},"end":{"line":74,"column":7}},"loc":{"start":{"line":74,"column":18},"end":{"line":74,"column":72}},"line":74},"4":{"name":"(anonymous_4)","decl":{"start":{"line":93,"column":24},"end":{"line":93,"column":25}},"loc":{"start":{"line":93,"column":44},"end":{"line":130,"column":1}},"line":93},"5":{"name":"(anonymous_5)","decl":{"start":{"line":109,"column":6},"end":{"line":109,"column":7}},"loc":{"start":{"line":109,"column":18},"end":{"line":109,"column":72}},"line":109},"6":{"name":"(anonymous_6)","decl":{"start":{"line":135,"column":22},"end":{"line":135,"column":23}},"loc":{"start":{"line":135,"column":42},"end":{"line":160,"column":1}},"line":135},"7":{"name":"(anonymous_7)","decl":{"start":{"line":146,"column":6},"end":{"line":146,"column":7}},"loc":{"start":{"line":146,"column":13},"end":{"line":146,"column":58}},"line":146},"8":{"name":"(anonymous_8)","decl":{"start":{"line":165,"column":22},"end":{"line":165,"column":23}},"loc":{"start":{"line":165,"column":42},"end":{"line":223,"column":1}},"line":165},"9":{"name":"(anonymous_9)","decl":{"start":{"line":178,"column":6},"end":{"line":178,"column":7}},"loc":{"start":{"line":178,"column":13},"end":{"line":178,"column":58}},"line":178},"10":{"name":"(anonymous_10)","decl":{"start":{"line":186,"column":6},"end":{"line":186,"column":7}},"loc":{"start":{"line":186,"column":14},"end":{"line":186,"column":41}},"line":186},"11":{"name":"(anonymous_11)","decl":{"start":{"line":192,"column":30},"end":{"line":192,"column":31}},"loc":{"start":{"line":192,"column":40},"end":{"line":192,"column":48}},"line":192},"12":{"name":"(anonymous_12)","decl":{"start":{"line":196,"column":36},"end":{"line":196,"column":37}},"loc":{"start":{"line":196,"column":49},"end":{"line":196,"column":60}},"line":196},"13":{"name":"(anonymous_13)","decl":{"start":{"line":228,"column":29},"end":{"line":228,"column":30}},"loc":{"start":{"line":228,"column":49},"end":{"line":261,"column":1}},"line":228},"14":{"name":"(anonymous_14)","decl":{"start":{"line":243,"column":6},"end":{"line":243,"column":7}},"loc":{"start":{"line":243,"column":13},"end":{"line":243,"column":58}},"line":243}},"branchMap":{"0":{"loc":{"start":{"line":18,"column":4},"end":{"line":20,"column":5}},"type":"if","locations":[{"start":{"line":18,"column":4},"end":{"line":20,"column":5}},{"start":{},"end":{}}],"line":18},"1":{"loc":{"start":{"line":26,"column":4},"end":{"line":30,"column":5}},"type":"if","locations":[{"start":{"line":26,"column":4},"end":{"line":30,"column":5}},{"start":{},"end":{}}],"line":26},"2":{"loc":{"start":{"line":68,"column":4},"end":{"line":70,"column":5}},"type":"if","locations":[{"start":{"line":68,"column":4},"end":{"line":70,"column":5}},{"start":{},"end":{}}],"line":68},"3":{"loc":{"start":{"line":77,"column":4},"end":{"line":81,"column":5}},"type":"if","locations":[{"start":{"line":77,"column":4},"end":{"line":81,"column":5}},{"start":{},"end":{}}],"line":77},"4":{"loc":{"start":{"line":103,"column":4},"end":{"line":105,"column":5}},"type":"if","locations":[{"start":{"line":103,"column":4},"end":{"line":105,"column":5}},{"start":{},"end":{}}],"line":103},"5":{"loc":{"start":{"line":112,"column":4},"end":{"line":116,"column":5}},"type":"if","locations":[{"start":{"line":112,"column":4},"end":{"line":116,"column":5}},{"start":{},"end":{}}],"line":112},"6":{"loc":{"start":{"line":141,"column":4},"end":{"line":141,"column":80}},"type":"if","locations":[{"start":{"line":141,"column":4},"end":{"line":141,"column":80}},{"start":{},"end":{}}],"line":141},"7":{"loc":{"start":{"line":148,"column":4},"end":{"line":148,"column":78}},"type":"if","locations":[{"start":{"line":148,"column":4},"end":{"line":148,"column":78}},{"start":{},"end":{}}],"line":148},"8":{"loc":{"start":{"line":150,"column":4},"end":{"line":150,"column":51}},"type":"if","locations":[{"start":{"line":150,"column":4},"end":{"line":150,"column":51}},{"start":{},"end":{}}],"line":150},"9":{"loc":{"start":{"line":151,"column":4},"end":{"line":151,"column":69}},"type":"if","locations":[{"start":{"line":151,"column":4},"end":{"line":151,"column":69}},{"start":{},"end":{}}],"line":151},"10":{"loc":{"start":{"line":152,"column":4},"end":{"line":152,"column":54}},"type":"if","locations":[{"start":{"line":152,"column":4},"end":{"line":152,"column":54}},{"start":{},"end":{}}],"line":152},"11":{"loc":{"start":{"line":170,"column":4},"end":{"line":170,"column":80}},"type":"if","locations":[{"start":{"line":170,"column":4},"end":{"line":170,"column":80}},{"start":{},"end":{}}],"line":170},"12":{"loc":{"start":{"line":173,"column":4},"end":{"line":174,"column":70}},"type":"if","locations":[{"start":{"line":173,"column":4},"end":{"line":174,"column":70}},{"start":{},"end":{}}],"line":173},"13":{"loc":{"start":{"line":180,"column":4},"end":{"line":182,"column":5}},"type":"if","locations":[{"start":{"line":180,"column":4},"end":{"line":182,"column":5}},{"start":{},"end":{}}],"line":180},"14":{"loc":{"start":{"line":180,"column":8},"end":{"line":180,"column":60}},"type":"binary-expr","locations":[{"start":{"line":180,"column":8},"end":{"line":180,"column":15}},{"start":{"line":180,"column":19},"end":{"line":180,"column":60}}],"line":180},"15":{"loc":{"start":{"line":237,"column":4},"end":{"line":239,"column":5}},"type":"if","locations":[{"start":{"line":237,"column":4},"end":{"line":239,"column":5}},{"start":{},"end":{}}],"line":237},"16":{"loc":{"start":{"line":245,"column":4},"end":{"line":247,"column":5}},"type":"if","locations":[{"start":{"line":245,"column":4},"end":{"line":247,"column":5}},{"start":{},"end":{}}],"line":245},"17":{"loc":{"start":{"line":249,"column":4},"end":{"line":254,"column":5}},"type":"if","locations":[{"start":{"line":249,"column":4},"end":{"line":254,"column":5}},{"start":{},"end":{}}],"line":249}},"s":{"0":1,"1":0,"2":0,"3":0,"4":0,"5":0,"6":0,"7":0,"8":0,"9":0,"10":0,"11":0,"12":0,"13":0,"14":0,"15":0,"16":0,"17":1,"18":0,"19":0,"20":0,"21":0,"22":0,"23":0,"24":0,"25":0,"26":0,"27":0,"28":0,"29":0,"30":1,"31":0,"32":0,"33":0,"34":0,"35":0,"36":0,"37":0,"38":0,"39":0,"40":0,"41":0,"42":0,"43":0,"44":1,"45":0,"46":0,"47":0,"48":0,"49":0,"50":0,"51":0,"52":0,"53":0,"54":0,"55":0,"56":0,"57":0,"58":0,"59":0,"60":0,"61":0,"62":0,"63":0,"64":0,"65":0,"66":1,"67":0,"68":0,"69":0,"70":0,"71":0,"72":0,"73":0,"74":0,"75":0,"76":0,"77":0,"78":0,"79":0,"80":0,"81":0,"82":0,"83":0,"84":0,"85":0,"86":0,"87":0,"88":0,"89":0,"90":0,"91":0,"92":0,"93":0,"94":0,"95":1,"96":0,"97":0,"98":0,"99":0,"100":0,"101":0,"102":0,"103":0,"104":0,"105":0,"106":0,"107":0,"108":0,"109":0},"f":{"0":0,"1":0,"2":0,"3":0,"4":0,"5":0,"6":0,"7":0,"8":0,"9":0,"10":0,"11":0,"12":0,"13":0,"14":0},"b":{"0":[0,0],"1":[0,0],"2":[0,0],"3":[0,0],"4":[0,0],"5":[0,0],"6":[0,0],"7":[0,0],"8":[0,0],"9":[0,0],"10":[0,0],"11":[0,0],"12":[0,0],"13":[0,0],"14":[0,0],"15":[0,0],"16":[0,0],"17":[0,0]},"inputSourceMap":null,"_coverageSchema":"1a1c01bbd47fc00a2c39e90264f33305004495a9","hash":"5c6f78c9b5389750a746bdfafabc868062a927a7"}
,"D:\\Personal Dev\\ProjectGrid-MERN-Stack-Project-Management-App\\backend\\controllers\\task.js": {"path":"D:\\Personal Dev\\ProjectGrid-MERN-Stack-Project-Management-App\\backend\\controllers\\task.js","statementMap":{"0":{"start":{"line":11,"column":19},"end":{"line":69,"column":1}},"1":{"start":{"line":12,"column":2},"end":{"line":68,"column":3}},"2":{"start":{"line":14,"column":26},"end":{"line":14,"column":36}},"3":{"start":{"line":18,"column":6},"end":{"line":18,"column":14}},"4":{"start":{"line":21,"column":20},"end":{"line":21,"column":53}},"5":{"start":{"line":22,"column":4},"end":{"line":24,"column":5}},"6":{"start":{"line":23,"column":6},"end":{"line":23,"column":68}},"7":{"start":{"line":27,"column":22},"end":{"line":27,"column":65}},"8":{"start":{"line":28,"column":4},"end":{"line":30,"column":5}},"9":{"start":{"line":29,"column":6},"end":{"line":29,"column":70}},"10":{"start":{"line":33,"column":21},"end":{"line":35,"column":5}},"11":{"start":{"line":34,"column":18},"end":{"line":34,"column":68}},"12":{"start":{"line":36,"column":4},"end":{"line":40,"column":5}},"13":{"start":{"line":37,"column":6},"end":{"line":39,"column":69}},"14":{"start":{"line":43,"column":20},"end":{"line":52,"column":6}},"15":{"start":{"line":55,"column":4},"end":{"line":55,"column":36}},"16":{"start":{"line":56,"column":4},"end":{"line":56,"column":25}},"17":{"start":{"line":59,"column":4},"end":{"line":61,"column":7}},"18":{"start":{"line":64,"column":4},"end":{"line":64,"column":34}},"19":{"start":{"line":66,"column":4},"end":{"line":66,"column":23}},"20":{"start":{"line":67,"column":4},"end":{"line":67,"column":63}},"21":{"start":{"line":74,"column":20},"end":{"line":99,"column":1}},"22":{"start":{"line":75,"column":2},"end":{"line":98,"column":3}},"23":{"start":{"line":76,"column":23},"end":{"line":76,"column":33}},"24":{"start":{"line":79,"column":17},"end":{"line":81,"column":50}},"25":{"start":{"line":83,"column":4},"end":{"line":85,"column":5}},"26":{"start":{"line":84,"column":6},"end":{"line":84,"column":65}},"27":{"start":{"line":88,"column":20},"end":{"line":91,"column":5}},"28":{"start":{"line":94,"column":4},"end":{"line":94,"column":44}},"29":{"start":{"line":96,"column":4},"end":{"line":96,"column":23}},"30":{"start":{"line":97,"column":4},"end":{"line":97,"column":63}},"31":{"start":{"line":104,"column":24},"end":{"line":149,"column":1}},"32":{"start":{"line":105,"column":2},"end":{"line":148,"column":3}},"33":{"start":{"line":106,"column":23},"end":{"line":106,"column":33}},"34":{"start":{"line":107,"column":22},"end":{"line":107,"column":30}},"35":{"start":{"line":110,"column":17},"end":{"line":110,"column":44}},"36":{"start":{"line":111,"column":4},"end":{"line":113,"column":5}},"37":{"start":{"line":112,"column":6},"end":{"line":112,"column":65}},"38":{"start":{"line":116,"column":20},"end":{"line":116,"column":56}},"39":{"start":{"line":117,"column":4},"end":{"line":119,"column":5}},"40":{"start":{"line":118,"column":6},"end":{"line":118,"column":68}},"41":{"start":{"line":122,"column":21},"end":{"line":124,"column":5}},"42":{"start":{"line":123,"column":18},"end":{"line":123,"column":72}},"43":{"start":{"line":125,"column":4},"end":{"line":129,"column":5}},"44":{"start":{"line":126,"column":6},"end":{"line":128,"column":67}},"45":{"start":{"line":132,"column":21},"end":{"line":132,"column":31}},"46":{"start":{"line":135,"column":4},"end":{"line":135,"column":23}},"47":{"start":{"line":136,"column":4},"end":{"line":136,"column":22}},"48":{"start":{"line":139,"column":4},"end":{"line":141,"column":7}},"49":{"start":{"line":144,"column":4},"end":{"line":144,"column":38}},"50":{"start":{"line":146,"column":4},"end":{"line":146,"column":23}},"51":{"start":{"line":147,"column":4},"end":{"line":147,"column":63}},"52":{"start":{"line":154,"column":30},"end":{"line":196,"column":1}},"53":{"start":{"line":155,"column":2},"end":{"line":195,"column":3}},"54":{"start":{"line":156,"column":23},"end":{"line":156,"column":33}},"55":{"start":{"line":157,"column":28},"end":{"line":157,"column":36}},"56":{"start":{"line":159,"column":17},"end":{"line":159,"column":44}},"57":{"start":{"line":160,"column":4},"end":{"line":162,"column":5}},"58":{"start":{"line":161,"column":6},"end":{"line":161,"column":65}},"59":{"start":{"line":164,"column":20},"end":{"line":164,"column":56}},"60":{"start":{"line":165,"column":4},"end":{"line":167,"column":5}},"61":{"start":{"line":166,"column":6},"end":{"line":166,"column":68}},"62":{"start":{"line":169,"column":21},"end":{"line":171,"column":5}},"63":{"start":{"line":170,"column":18},"end":{"line":170,"column":72}},"64":{"start":{"line":172,"column":4},"end":{"line":176,"column":5}},"65":{"start":{"line":173,"column":6},"end":{"line":175,"column":67}},"66":{"start":{"line":179,"column":27},"end":{"line":179,"column":74}},"67":{"start":{"line":180,"column":27},"end":{"line":180,"column":69}},"68":{"start":{"line":183,"column":4},"end":{"line":183,"column":35}},"69":{"start":{"line":184,"column":4},"end":{"line":184,"column":22}},"70":{"start":{"line":187,"column":4},"end":{"line":189,"column":7}},"71":{"start":{"line":191,"column":4},"end":{"line":191,"column":38}},"72":{"start":{"line":193,"column":4},"end":{"line":193,"column":23}},"73":{"start":{"line":194,"column":4},"end":{"line":194,"column":63}},"74":{"start":{"line":201,"column":25},"end":{"line":249,"column":1}},"75":{"start":{"line":202,"column":2},"end":{"line":248,"column":3}},"76":{"start":{"line":203,"column":23},"end":{"line":203,"column":33}},"77":{"start":{"line":204,"column":23},"end":{"line":204,"column":31}},"78":{"start":{"line":206,"column":17},"end":{"line":206,"column":44}},"79":{"start":{"line":208,"column":4},"end":{"line":212,"column":5}},"80":{"start":{"line":209,"column":6},"end":{"line":211,"column":9}},"81":{"start":{"line":214,"column":20},"end":{"line":214,"column":56}},"82":{"start":{"line":216,"column":4},"end":{"line":220,"column":5}},"83":{"start":{"line":217,"column":6},"end":{"line":219,"column":9}},"84":{"start":{"line":222,"column":21},"end":{"line":224,"column":5}},"85":{"start":{"line":223,"column":18},"end":{"line":223,"column":68}},"86":{"start":{"line":226,"column":4},"end":{"line":230,"column":5}},"87":{"start":{"line":227,"column":6},"end":{"line":229,"column":9}},"88":{"start":{"line":232,"column":22},"end":{"line":232,"column":33}},"89":{"start":{"line":234,"column":4},"end":{"line":234,"column":25}},"90":{"start":{"line":235,"column":4},"end":{"line":235,"column":22}},"91":{"start":{"line":238,"column":4},"end":{"line":240,"column":7}},"92":{"start":{"line":242,"column":4},"end":{"line":242,"column":31}},"93":{"start":{"line":244,"column":4},"end":{"line":244,"column":23}},"94":{"start":{"line":245,"column":4},"end":{"line":247,"column":7}},"95":{"start":{"line":255,"column":28},"end":{"line":303,"column":1}},"96":{"start":{"line":256,"column":2},"end":{"line":302,"column":3}},"97":{"start":{"line":257,"column":23},"end":{"line":257,"column":33}},"98":{"start":{"line":258,"column":26},"end":{"line":258,"column":34}},"99":{"start":{"line":260,"column":17},"end":{"line":260,"column":44}},"100":{"start":{"line":262,"column":4},"end":{"line":266,"column":5}},"101":{"start":{"line":263,"column":6},"end":{"line":265,"column":9}},"102":{"start":{"line":268,"column":20},"end":{"line":268,"column":56}},"103":{"start":{"line":270,"column":4},"end":{"line":274,"column":5}},"104":{"start":{"line":271,"column":6},"end":{"line":273,"column":9}},"105":{"start":{"line":276,"column":21},"end":{"line":278,"column":5}},"106":{"start":{"line":277,"column":18},"end":{"line":277,"column":68}},"107":{"start":{"line":280,"column":4},"end":{"line":284,"column":5}},"108":{"start":{"line":281,"column":6},"end":{"line":283,"column":9}},"109":{"start":{"line":286,"column":25},"end":{"line":286,"column":39}},"110":{"start":{"line":288,"column":4},"end":{"line":288,"column":31}},"111":{"start":{"line":289,"column":4},"end":{"line":289,"column":22}},"112":{"start":{"line":292,"column":4},"end":{"line":294,"column":7}},"113":{"start":{"line":296,"column":4},"end":{"line":296,"column":31}},"114":{"start":{"line":298,"column":4},"end":{"line":298,"column":23}},"115":{"start":{"line":299,"column":4},"end":{"line":301,"column":7}},"116":{"start":{"line":309,"column":27},"end":{"line":357,"column":1}},"117":{"start":{"line":310,"column":2},"end":{"line":356,"column":3}},"118":{"start":{"line":311,"column":23},"end":{"line":311,"column":33}},"119":{"start":{"line":312,"column":25},"end":{"line":312,"column":33}},"120":{"start":{"line":314,"column":17},"end":{"line":314,"column":44}},"121":{"start":{"line":316,"column":4},"end":{"line":320,"column":5}},"122":{"start":{"line":317,"column":6},"end":{"line":319,"column":9}},"123":{"start":{"line":322,"column":20},"end":{"line":322,"column":56}},"124":{"start":{"line":324,"column":4},"end":{"line":328,"column":5}},"125":{"start":{"line":325,"column":6},"end":{"line":327,"column":9}},"126":{"start":{"line":330,"column":21},"end":{"line":332,"column":5}},"127":{"start":{"line":331,"column":18},"end":{"line":331,"column":68}},"128":{"start":{"line":334,"column":4},"end":{"line":338,"column":5}},"129":{"start":{"line":335,"column":6},"end":{"line":337,"column":9}},"130":{"start":{"line":340,"column":24},"end":{"line":340,"column":37}},"131":{"start":{"line":342,"column":4},"end":{"line":342,"column":29}},"132":{"start":{"line":343,"column":4},"end":{"line":343,"column":22}},"133":{"start":{"line":346,"column":4},"end":{"line":348,"column":7}},"134":{"start":{"line":350,"column":4},"end":{"line":350,"column":31}},"135":{"start":{"line":352,"column":4},"end":{"line":352,"column":23}},"136":{"start":{"line":353,"column":4},"end":{"line":355,"column":7}},"137":{"start":{"line":363,"column":19},"end":{"line":415,"column":1}},"138":{"start":{"line":364,"column":2},"end":{"line":414,"column":3}},"139":{"start":{"line":365,"column":23},"end":{"line":365,"column":33}},"140":{"start":{"line":366,"column":22},"end":{"line":366,"column":30}},"141":{"start":{"line":368,"column":17},"end":{"line":368,"column":44}},"142":{"start":{"line":370,"column":4},"end":{"line":374,"column":5}},"143":{"start":{"line":371,"column":6},"end":{"line":373,"column":9}},"144":{"start":{"line":376,"column":20},"end":{"line":376,"column":56}},"145":{"start":{"line":378,"column":4},"end":{"line":382,"column":5}},"146":{"start":{"line":379,"column":6},"end":{"line":381,"column":9}},"147":{"start":{"line":384,"column":21},"end":{"line":386,"column":5}},"148":{"start":{"line":385,"column":18},"end":{"line":385,"column":68}},"149":{"start":{"line":388,"column":4},"end":{"line":392,"column":5}},"150":{"start":{"line":389,"column":6},"end":{"line":391,"column":9}},"151":{"start":{"line":394,"column":23},"end":{"line":397,"column":5}},"152":{"start":{"line":399,"column":4},"end":{"line":399,"column":35}},"153":{"start":{"line":400,"column":4},"end":{"line":400,"column":22}},"154":{"start":{"line":403,"column":4},"end":{"line":405,"column":7}},"155":{"start":{"line":407,"column":4},"end":{"line":407,"column":31}},"156":{"start":{"line":409,"column":4},"end":{"line":409,"column":23}},"157":{"start":{"line":411,"column":4},"end":{"line":413,"column":7}},"158":{"start":{"line":421,"column":22},"end":{"line":459,"column":1}},"159":{"start":{"line":422,"column":2},"end":{"line":458,"column":3}},"160":{"start":{"line":423,"column":34},"end":{"line":423,"column":44}},"161":{"start":{"line":424,"column":26},"end":{"line":424,"column":34}},"162":{"start":{"line":426,"column":17},"end":{"line":426,"column":44}},"163":{"start":{"line":428,"column":4},"end":{"line":432,"column":5}},"164":{"start":{"line":429,"column":6},"end":{"line":431,"column":9}},"165":{"start":{"line":434,"column":20},"end":{"line":436,"column":5}},"166":{"start":{"line":435,"column":19},"end":{"line":435,"column":55}},"167":{"start":{"line":438,"column":4},"end":{"line":442,"column":5}},"168":{"start":{"line":439,"column":6},"end":{"line":441,"column":9}},"169":{"start":{"line":444,"column":4},"end":{"line":444,"column":34}},"170":{"start":{"line":445,"column":4},"end":{"line":445,"column":22}},"171":{"start":{"line":448,"column":4},"end":{"line":450,"column":7}},"172":{"start":{"line":452,"column":4},"end":{"line":452,"column":31}},"173":{"start":{"line":454,"column":4},"end":{"line":454,"column":23}},"174":{"start":{"line":455,"column":4},"end":{"line":457,"column":7}},"175":{"start":{"line":465,"column":32},"end":{"line":480,"column":1}},"176":{"start":{"line":466,"column":2},"end":{"line":479,"column":3}},"177":{"start":{"line":467,"column":27},"end":{"line":467,"column":37}},"178":{"start":{"line":469,"column":21},"end":{"line":471,"column":30}},"179":{"start":{"line":473,"column":4},"end":{"line":473,"column":35}},"180":{"start":{"line":475,"column":4},"end":{"line":475,"column":23}},"181":{"start":{"line":476,"column":4},"end":{"line":478,"column":7}},"182":{"start":{"line":486,"column":28},"end":{"line":501,"column":1}},"183":{"start":{"line":487,"column":2},"end":{"line":500,"column":3}},"184":{"start":{"line":488,"column":23},"end":{"line":488,"column":33}},"185":{"start":{"line":490,"column":21},"end":{"line":492,"column":30}},"186":{"start":{"line":494,"column":4},"end":{"line":494,"column":35}},"187":{"start":{"line":496,"column":4},"end":{"line":496,"column":23}},"188":{"start":{"line":497,"column":4},"end":{"line":499,"column":7}},"189":{"start":{"line":503,"column":19},"end":{"line":557,"column":1}},"190":{"start":{"line":504,"column":2},"end":{"line":556,"column":3}},"191":{"start":{"line":505,"column":23},"end":{"line":505,"column":33}},"192":{"start":{"line":506,"column":21},"end":{"line":506,"column":29}},"193":{"start":{"line":508,"column":17},"end":{"line":508,"column":44}},"194":{"start":{"line":510,"column":4},"end":{"line":514,"column":5}},"195":{"start":{"line":511,"column":6},"end":{"line":513,"column":9}},"196":{"start":{"line":516,"column":20},"end":{"line":516,"column":56}},"197":{"start":{"line":518,"column":4},"end":{"line":522,"column":5}},"198":{"start":{"line":519,"column":6},"end":{"line":521,"column":9}},"199":{"start":{"line":524,"column":21},"end":{"line":526,"column":5}},"200":{"start":{"line":525,"column":18},"end":{"line":525,"column":68}},"201":{"start":{"line":528,"column":4},"end":{"line":532,"column":5}},"202":{"start":{"line":529,"column":6},"end":{"line":531,"column":9}},"203":{"start":{"line":534,"column":23},"end":{"line":538,"column":6}},"204":{"start":{"line":540,"column":4},"end":{"line":540,"column":39}},"205":{"start":{"line":541,"column":4},"end":{"line":541,"column":22}},"206":{"start":{"line":544,"column":4},"end":{"line":548,"column":7}},"207":{"start":{"line":550,"column":4},"end":{"line":550,"column":37}},"208":{"start":{"line":552,"column":4},"end":{"line":552,"column":23}},"209":{"start":{"line":553,"column":4},"end":{"line":555,"column":7}},"210":{"start":{"line":562,"column":26},"end":{"line":619,"column":1}},"211":{"start":{"line":563,"column":2},"end":{"line":618,"column":3}},"212":{"start":{"line":564,"column":26},"end":{"line":564,"column":36}},"213":{"start":{"line":565,"column":44},"end":{"line":565,"column":52}},"214":{"start":{"line":568,"column":20},"end":{"line":568,"column":53}},"215":{"start":{"line":569,"column":4},"end":{"line":571,"column":5}},"216":{"start":{"line":570,"column":6},"end":{"line":570,"column":68}},"217":{"start":{"line":574,"column":17},"end":{"line":574,"column":50}},"218":{"start":{"line":575,"column":4},"end":{"line":577,"column":5}},"219":{"start":{"line":576,"column":6},"end":{"line":576,"column":65}},"220":{"start":{"line":580,"column":20},"end":{"line":580,"column":56}},"221":{"start":{"line":581,"column":4},"end":{"line":583,"column":5}},"222":{"start":{"line":582,"column":6},"end":{"line":582,"column":68}},"223":{"start":{"line":586,"column":21},"end":{"line":586,"column":74}},"224":{"start":{"line":587,"column":28},"end":{"line":589,"column":5}},"225":{"start":{"line":588,"column":18},"end":{"line":588,"column":68}},"226":{"start":{"line":591,"column":4},"end":{"line":595,"column":5}},"227":{"start":{"line":592,"column":6},"end":{"line":594,"column":73}},"228":{"start":{"line":598,"column":20},"end":{"line":598,"column":63}},"229":{"start":{"line":599,"column":20},"end":{"line":599,"column":55}},"230":{"start":{"line":602,"column":4},"end":{"line":602,"column":24}},"231":{"start":{"line":603,"column":4},"end":{"line":603,"column":38}},"232":{"start":{"line":604,"column":4},"end":{"line":604,"column":44}},"233":{"start":{"line":605,"column":4},"end":{"line":605,"column":28}},"234":{"start":{"line":607,"column":4},"end":{"line":607,"column":25}},"235":{"start":{"line":610,"column":4},"end":{"line":612,"column":7}},"236":{"start":{"line":614,"column":4},"end":{"line":614,"column":34}},"237":{"start":{"line":616,"column":4},"end":{"line":616,"column":25}},"238":{"start":{"line":617,"column":4},"end":{"line":617,"column":63}},"239":{"start":{"line":624,"column":26},"end":{"line":678,"column":1}},"240":{"start":{"line":625,"column":2},"end":{"line":677,"column":3}},"241":{"start":{"line":626,"column":34},"end":{"line":626,"column":44}},"242":{"start":{"line":629,"column":20},"end":{"line":629,"column":53}},"243":{"start":{"line":630,"column":4},"end":{"line":632,"column":5}},"244":{"start":{"line":631,"column":6},"end":{"line":631,"column":68}},"245":{"start":{"line":635,"column":17},"end":{"line":635,"column":50}},"246":{"start":{"line":636,"column":4},"end":{"line":638,"column":5}},"247":{"start":{"line":637,"column":6},"end":{"line":637,"column":65}},"248":{"start":{"line":641,"column":20},"end":{"line":641,"column":56}},"249":{"start":{"line":642,"column":4},"end":{"line":644,"column":5}},"250":{"start":{"line":643,"column":6},"end":{"line":643,"column":68}},"251":{"start":{"line":647,"column":21},"end":{"line":647,"column":74}},"252":{"start":{"line":648,"column":28},"end":{"line":650,"column":5}},"253":{"start":{"line":649,"column":18},"end":{"line":649,"column":68}},"254":{"start":{"line":652,"column":4},"end":{"line":656,"column":5}},"255":{"start":{"line":653,"column":6},"end":{"line":655,"column":9}},"256":{"start":{"line":659,"column":4},"end":{"line":659,"column":49}},"257":{"start":{"line":662,"column":4},"end":{"line":664,"column":6}},"258":{"start":{"line":663,"column":15},"end":{"line":663,"column":56}},"259":{"start":{"line":665,"column":4},"end":{"line":665,"column":22}},"260":{"start":{"line":668,"column":20},"end":{"line":668,"column":63}},"261":{"start":{"line":669,"column":4},"end":{"line":671,"column":7}},"262":{"start":{"line":673,"column":4},"end":{"line":673,"column":66}},"263":{"start":{"line":675,"column":4},"end":{"line":675,"column":25}},"264":{"start":{"line":676,"column":4},"end":{"line":676,"column":63}},"265":{"start":{"line":683,"column":18},"end":{"line":739,"column":1}},"266":{"start":{"line":684,"column":2},"end":{"line":738,"column":3}},"267":{"start":{"line":685,"column":23},"end":{"line":685,"column":33}},"268":{"start":{"line":687,"column":17},"end":{"line":687,"column":44}},"269":{"start":{"line":689,"column":4},"end":{"line":693,"column":5}},"270":{"start":{"line":690,"column":6},"end":{"line":692,"column":9}},"271":{"start":{"line":695,"column":20},"end":{"line":695,"column":56}},"272":{"start":{"line":697,"column":4},"end":{"line":701,"column":5}},"273":{"start":{"line":698,"column":6},"end":{"line":700,"column":9}},"274":{"start":{"line":703,"column":21},"end":{"line":705,"column":5}},"275":{"start":{"line":704,"column":18},"end":{"line":704,"column":68}},"276":{"start":{"line":707,"column":4},"end":{"line":711,"column":5}},"277":{"start":{"line":708,"column":6},"end":{"line":710,"column":9}},"278":{"start":{"line":713,"column":23},"end":{"line":713,"column":59}},"279":{"start":{"line":715,"column":4},"end":{"line":721,"column":5}},"280":{"start":{"line":716,"column":6},"end":{"line":716,"column":39}},"281":{"start":{"line":718,"column":6},"end":{"line":720,"column":8}},"282":{"start":{"line":719,"column":21},"end":{"line":719,"column":67}},"283":{"start":{"line":723,"column":4},"end":{"line":723,"column":22}},"284":{"start":{"line":726,"column":4},"end":{"line":730,"column":7}},"285":{"start":{"line":732,"column":4},"end":{"line":732,"column":31}},"286":{"start":{"line":734,"column":4},"end":{"line":734,"column":23}},"287":{"start":{"line":735,"column":4},"end":{"line":737,"column":7}},"288":{"start":{"line":745,"column":21},"end":{"line":794,"column":1}},"289":{"start":{"line":746,"column":2},"end":{"line":793,"column":3}},"290":{"start":{"line":747,"column":23},"end":{"line":747,"column":33}},"291":{"start":{"line":749,"column":17},"end":{"line":749,"column":44}},"292":{"start":{"line":751,"column":4},"end":{"line":755,"column":5}},"293":{"start":{"line":752,"column":6},"end":{"line":754,"column":9}},"294":{"start":{"line":757,"column":20},"end":{"line":757,"column":56}},"295":{"start":{"line":759,"column":4},"end":{"line":763,"column":5}},"296":{"start":{"line":760,"column":6},"end":{"line":762,"column":9}},"297":{"start":{"line":765,"column":21},"end":{"line":767,"column":5}},"298":{"start":{"line":766,"column":18},"end":{"line":766,"column":68}},"299":{"start":{"line":769,"column":4},"end":{"line":773,"column":5}},"300":{"start":{"line":770,"column":6},"end":{"line":772,"column":9}},"301":{"start":{"line":774,"column":23},"end":{"line":774,"column":38}},"302":{"start":{"line":776,"column":4},"end":{"line":776,"column":34}},"303":{"start":{"line":777,"column":4},"end":{"line":777,"column":22}},"304":{"start":{"line":780,"column":4},"end":{"line":784,"column":7}},"305":{"start":{"line":786,"column":4},"end":{"line":786,"column":31}},"306":{"start":{"line":788,"column":4},"end":{"line":788,"column":23}},"307":{"start":{"line":790,"column":4},"end":{"line":792,"column":7}},"308":{"start":{"line":800,"column":19},"end":{"line":813,"column":1}},"309":{"start":{"line":801,"column":2},"end":{"line":812,"column":3}},"310":{"start":{"line":802,"column":18},"end":{"line":804,"column":30}},"311":{"start":{"line":806,"column":4},"end":{"line":806,"column":32}},"312":{"start":{"line":808,"column":4},"end":{"line":808,"column":23}},"313":{"start":{"line":809,"column":4},"end":{"line":811,"column":7}},"314":{"start":{"line":818,"column":19},"end":{"line":863,"column":1}},"315":{"start":{"line":819,"column":2},"end":{"line":862,"column":3}},"316":{"start":{"line":820,"column":23},"end":{"line":820,"column":33}},"317":{"start":{"line":823,"column":17},"end":{"line":823,"column":44}},"318":{"start":{"line":824,"column":4},"end":{"line":826,"column":5}},"319":{"start":{"line":825,"column":6},"end":{"line":825,"column":65}},"320":{"start":{"line":829,"column":20},"end":{"line":829,"column":56}},"321":{"start":{"line":830,"column":4},"end":{"line":832,"column":5}},"322":{"start":{"line":831,"column":6},"end":{"line":831,"column":68}},"323":{"start":{"line":835,"column":21},"end":{"line":837,"column":5}},"324":{"start":{"line":836,"column":18},"end":{"line":836,"column":68}},"325":{"start":{"line":838,"column":4},"end":{"line":842,"column":5}},"326":{"start":{"line":839,"column":6},"end":{"line":841,"column":67}},"327":{"start":{"line":845,"column":4},"end":{"line":847,"column":6}},"328":{"start":{"line":846,"column":15},"end":{"line":846,"column":53}},"329":{"start":{"line":848,"column":4},"end":{"line":848,"column":25}},"330":{"start":{"line":851,"column":4},"end":{"line":851,"column":43}},"331":{"start":{"line":854,"column":4},"end":{"line":856,"column":7}},"332":{"start":{"line":858,"column":4},"end":{"line":858,"column":67}},"333":{"start":{"line":860,"column":4},"end":{"line":860,"column":25}},"334":{"start":{"line":861,"column":4},"end":{"line":861,"column":63}}},"fnMap":{"0":{"name":"(anonymous_0)","decl":{"start":{"line":11,"column":19},"end":{"line":11,"column":20}},"loc":{"start":{"line":11,"column":39},"end":{"line":69,"column":1}},"line":11},"1":{"name":"(anonymous_1)","decl":{"start":{"line":34,"column":6},"end":{"line":34,"column":7}},"loc":{"start":{"line":34,"column":18},"end":{"line":34,"column":68}},"line":34},"2":{"name":"(anonymous_2)","decl":{"start":{"line":74,"column":20},"end":{"line":74,"column":21}},"loc":{"start":{"line":74,"column":40},"end":{"line":99,"column":1}},"line":74},"3":{"name":"(anonymous_3)","decl":{"start":{"line":104,"column":24},"end":{"line":104,"column":25}},"loc":{"start":{"line":104,"column":44},"end":{"line":149,"column":1}},"line":104},"4":{"name":"(anonymous_4)","decl":{"start":{"line":123,"column":6},"end":{"line":123,"column":7}},"loc":{"start":{"line":123,"column":18},"end":{"line":123,"column":72}},"line":123},"5":{"name":"(anonymous_5)","decl":{"start":{"line":154,"column":30},"end":{"line":154,"column":31}},"loc":{"start":{"line":154,"column":50},"end":{"line":196,"column":1}},"line":154},"6":{"name":"(anonymous_6)","decl":{"start":{"line":170,"column":6},"end":{"line":170,"column":7}},"loc":{"start":{"line":170,"column":18},"end":{"line":170,"column":72}},"line":170},"7":{"name":"(anonymous_7)","decl":{"start":{"line":201,"column":25},"end":{"line":201,"column":26}},"loc":{"start":{"line":201,"column":45},"end":{"line":249,"column":1}},"line":201},"8":{"name":"(anonymous_8)","decl":{"start":{"line":223,"column":6},"end":{"line":223,"column":7}},"loc":{"start":{"line":223,"column":18},"end":{"line":223,"column":68}},"line":223},"9":{"name":"(anonymous_9)","decl":{"start":{"line":255,"column":28},"end":{"line":255,"column":29}},"loc":{"start":{"line":255,"column":48},"end":{"line":303,"column":1}},"line":255},"10":{"name":"(anonymous_10)","decl":{"start":{"line":277,"column":6},"end":{"line":277,"column":7}},"loc":{"start":{"line":277,"column":18},"end":{"line":277,"column":68}},"line":277},"11":{"name":"(anonymous_11)","decl":{"start":{"line":309,"column":27},"end":{"line":309,"column":28}},"loc":{"start":{"line":309,"column":47},"end":{"line":357,"column":1}},"line":309},"12":{"name":"(anonymous_12)","decl":{"start":{"line":331,"column":6},"end":{"line":331,"column":7}},"loc":{"start":{"line":331,"column":18},"end":{"line":331,"column":68}},"line":331},"13":{"name":"(anonymous_13)","decl":{"start":{"line":363,"column":19},"end":{"line":363,"column":20}},"loc":{"start":{"line":363,"column":39},"end":{"line":415,"column":1}},"line":363},"14":{"name":"(anonymous_14)","decl":{"start":{"line":385,"column":6},"end":{"line":385,"column":7}},"loc":{"start":{"line":385,"column":18},"end":{"line":385,"column":68}},"line":385},"15":{"name":"(anonymous_15)","decl":{"start":{"line":421,"column":22},"end":{"line":421,"column":23}},"loc":{"start":{"line":421,"column":42},"end":{"line":459,"column":1}},"line":421},"16":{"name":"(anonymous_16)","decl":{"start":{"line":435,"column":6},"end":{"line":435,"column":7}},"loc":{"start":{"line":435,"column":19},"end":{"line":435,"column":55}},"line":435},"17":{"name":"(anonymous_17)","decl":{"start":{"line":465,"column":32},"end":{"line":465,"column":33}},"loc":{"start":{"line":465,"column":52},"end":{"line":480,"column":1}},"line":465},"18":{"name":"(anonymous_18)","decl":{"start":{"line":486,"column":28},"end":{"line":486,"column":29}},"loc":{"start":{"line":486,"column":48},"end":{"line":501,"column":1}},"line":486},"19":{"name":"(anonymous_19)","decl":{"start":{"line":503,"column":19},"end":{"line":503,"column":20}},"loc":{"start":{"line":503,"column":39},"end":{"line":557,"column":1}},"line":503},"20":{"name":"(anonymous_20)","decl":{"start":{"line":525,"column":6},"end":{"line":525,"column":7}},"loc":{"start":{"line":525,"column":18},"end":{"line":525,"column":68}},"line":525},"21":{"name":"(anonymous_21)","decl":{"start":{"line":562,"column":26},"end":{"line":562,"column":27}},"loc":{"start":{"line":562,"column":46},"end":{"line":619,"column":1}},"line":562},"22":{"name":"(anonymous_22)","decl":{"start":{"line":588,"column":6},"end":{"line":588,"column":7}},"loc":{"start":{"line":588,"column":18},"end":{"line":588,"column":68}},"line":588},"23":{"name":"(anonymous_23)","decl":{"start":{"line":624,"column":26},"end":{"line":624,"column":27}},"loc":{"start":{"line":624,"column":46},"end":{"line":678,"column":1}},"line":624},"24":{"name":"(anonymous_24)","decl":{"start":{"line":649,"column":6},"end":{"line":649,"column":7}},"loc":{"start":{"line":649,"column":18},"end":{"line":649,"column":68}},"line":649},"25":{"name":"(anonymous_25)","decl":{"start":{"line":663,"column":6},"end":{"line":663,"column":7}},"loc":{"start":{"line":663,"column":15},"end":{"line":663,"column":56}},"line":663},"26":{"name":"(anonymous_26)","decl":{"start":{"line":683,"column":18},"end":{"line":683,"column":19}},"loc":{"start":{"line":683,"column":38},"end":{"line":739,"column":1}},"line":683},"27":{"name":"(anonymous_27)","decl":{"start":{"line":704,"column":6},"end":{"line":704,"column":7}},"loc":{"start":{"line":704,"column":18},"end":{"line":704,"column":68}},"line":704},"28":{"name":"(anonymous_28)","decl":{"start":{"line":719,"column":8},"end":{"line":719,"column":9}},"loc":{"start":{"line":719,"column":21},"end":{"line":719,"column":67}},"line":719},"29":{"name":"(anonymous_29)","decl":{"start":{"line":745,"column":21},"end":{"line":745,"column":22}},"loc":{"start":{"line":745,"column":41},"end":{"line":794,"column":1}},"line":745},"30":{"name":"(anonymous_30)","decl":{"start":{"line":766,"column":6},"end":{"line":766,"column":7}},"loc":{"start":{"line":766,"column":18},"end":{"line":766,"column":68}},"line":766},"31":{"name":"(anonymous_31)","decl":{"start":{"line":800,"column":19},"end":{"line":800,"column":20}},"loc":{"start":{"line":800,"column":39},"end":{"line":813,"column":1}},"line":800},"32":{"name":"(anonymous_32)","decl":{"start":{"line":818,"column":19},"end":{"line":818,"column":20}},"loc":{"start":{"line":818,"column":39},"end":{"line":863,"column":1}},"line":818},"33":{"name":"(anonymous_33)","decl":{"start":{"line":836,"column":6},"end":{"line":836,"column":7}},"loc":{"start":{"line":836,"column":18},"end":{"line":836,"column":68}},"line":836},"34":{"name":"(anonymous_34)","decl":{"start":{"line":846,"column":6},"end":{"line":846,"column":7}},"loc":{"start":{"line":846,"column":15},"end":{"line":846,"column":53}},"line":846}},"branchMap":{"0":{"loc":{"start":{"line":22,"column":4},"end":{"line":24,"column":5}},"type":"if","locations":[{"start":{"line":22,"column":4},"end":{"line":24,"column":5}},{"start":{},"end":{}}],"line":22},"1":{"loc":{"start":{"line":28,"column":4},"end":{"line":30,"column":5}},"type":"if","locations":[{"start":{"line":28,"column":4},"end":{"line":30,"column":5}},{"start":{},"end":{}}],"line":28},"2":{"loc":{"start":{"line":36,"column":4},"end":{"line":40,"column":5}},"type":"if","locations":[{"start":{"line":36,"column":4},"end":{"line":40,"column":5}},{"start":{},"end":{}}],"line":36},"3":{"loc":{"start":{"line":83,"column":4},"end":{"line":85,"column":5}},"type":"if","locations":[{"start":{"line":83,"column":4},"end":{"line":85,"column":5}},{"start":{},"end":{}}],"line":83},"4":{"loc":{"start":{"line":111,"column":4},"end":{"line":113,"column":5}},"type":"if","locations":[{"start":{"line":111,"column":4},"end":{"line":113,"column":5}},{"start":{},"end":{}}],"line":111},"5":{"loc":{"start":{"line":117,"column":4},"end":{"line":119,"column":5}},"type":"if","locations":[{"start":{"line":117,"column":4},"end":{"line":119,"column":5}},{"start":{},"end":{}}],"line":117},"6":{"loc":{"start":{"line":125,"column":4},"end":{"line":129,"column":5}},"type":"if","locations":[{"start":{"line":125,"column":4},"end":{"line":129,"column":5}},{"start":{},"end":{}}],"line":125},"7":{"loc":{"start":{"line":160,"column":4},"end":{"line":162,"column":5}},"type":"if","locations":[{"start":{"line":160,"column":4},"end":{"line":162,"column":5}},{"start":{},"end":{}}],"line":160},"8":{"loc":{"start":{"line":165,"column":4},"end":{"line":167,"column":5}},"type":"if","locations":[{"start":{"line":165,"column":4},"end":{"line":167,"column":5}},{"start":{},"end":{}}],"line":165},"9":{"loc":{"start":{"line":172,"column":4},"end":{"line":176,"column":5}},"type":"if","locations":[{"start":{"line":172,"column":4},"end":{"line":176,"column":5}},{"start":{},"end":{}}],"line":172},"10":{"loc":{"start":{"line":179,"column":27},"end":{"line":179,"column":74}},"type":"binary-expr","locations":[{"start":{"line":179,"column":27},"end":{"line":179,"column":61}},{"start":{"line":179,"column":65},"end":{"line":179,"column":74}}],"line":179},"11":{"loc":{"start":{"line":180,"column":27},"end":{"line":180,"column":69}},"type":"binary-expr","locations":[{"start":{"line":180,"column":27},"end":{"line":180,"column":56}},{"start":{"line":180,"column":60},"end":{"line":180,"column":69}}],"line":180},"12":{"loc":{"start":{"line":208,"column":4},"end":{"line":212,"column":5}},"type":"if","locations":[{"start":{"line":208,"column":4},"end":{"line":212,"column":5}},{"start":{},"end":{}}],"line":208},"13":{"loc":{"start":{"line":216,"column":4},"end":{"line":220,"column":5}},"type":"if","locations":[{"start":{"line":216,"column":4},"end":{"line":220,"column":5}},{"start":{},"end":{}}],"line":216},"14":{"loc":{"start":{"line":226,"column":4},"end":{"line":230,"column":5}},"type":"if","locations":[{"start":{"line":226,"column":4},"end":{"line":230,"column":5}},{"start":{},"end":{}}],"line":226},"15":{"loc":{"start":{"line":262,"column":4},"end":{"line":266,"column":5}},"type":"if","locations":[{"start":{"line":262,"column":4},"end":{"line":266,"column":5}},{"start":{},"end":{}}],"line":262},"16":{"loc":{"start":{"line":270,"column":4},"end":{"line":274,"column":5}},"type":"if","locations":[{"start":{"line":270,"column":4},"end":{"line":274,"column":5}},{"start":{},"end":{}}],"line":270},"17":{"loc":{"start":{"line":280,"column":4},"end":{"line":284,"column":5}},"type":"if","locations":[{"start":{"line":280,"column":4},"end":{"line":284,"column":5}},{"start":{},"end":{}}],"line":280},"18":{"loc":{"start":{"line":316,"column":4},"end":{"line":320,"column":5}},"type":"if","locations":[{"start":{"line":316,"column":4},"end":{"line":320,"column":5}},{"start":{},"end":{}}],"line":316},"19":{"loc":{"start":{"line":324,"column":4},"end":{"line":328,"column":5}},"type":"if","locations":[{"start":{"line":324,"column":4},"end":{"line":328,"column":5}},{"start":{},"end":{}}],"line":324},"20":{"loc":{"start":{"line":334,"column":4},"end":{"line":338,"column":5}},"type":"if","locations":[{"start":{"line":334,"column":4},"end":{"line":338,"column":5}},{"start":{},"end":{}}],"line":334},"21":{"loc":{"start":{"line":370,"column":4},"end":{"line":374,"column":5}},"type":"if","locations":[{"start":{"line":370,"column":4},"end":{"line":374,"column":5}},{"start":{},"end":{}}],"line":370},"22":{"loc":{"start":{"line":378,"column":4},"end":{"line":382,"column":5}},"type":"if","locations":[{"start":{"line":378,"column":4},"end":{"line":382,"column":5}},{"start":{},"end":{}}],"line":378},"23":{"loc":{"start":{"line":388,"column":4},"end":{"line":392,"column":5}},"type":"if","locations":[{"start":{"line":388,"column":4},"end":{"line":392,"column":5}},{"start":{},"end":{}}],"line":388},"24":{"loc":{"start":{"line":428,"column":4},"end":{"line":432,"column":5}},"type":"if","locations":[{"start":{"line":428,"column":4},"end":{"line":432,"column":5}},{"start":{},"end":{}}],"line":428},"25":{"loc":{"start":{"line":438,"column":4},"end":{"line":442,"column":5}},"type":"if","locations":[{"start":{"line":438,"column":4},"end":{"line":442,"column":5}},{"start":{},"end":{}}],"line":438},"26":{"loc":{"start":{"line":510,"column":4},"end":{"line":514,"column":5}},"type":"if","locations":[{"start":{"line":510,"column":4},"end":{"line":514,"column":5}},{"start":{},"end":{}}],"line":510},"27":{"loc":{"start":{"line":518,"column":4},"end":{"line":522,"column":5}},"type":"if","locations":[{"start":{"line":518,"column":4},"end":{"line":522,"column":5}},{"start":{},"end":{}}],"line":518},"28":{"loc":{"start":{"line":528,"column":4},"end":{"line":532,"column":5}},"type":"if","locations":[{"start":{"line":528,"column":4},"end":{"line":532,"column":5}},{"start":{},"end":{}}],"line":528},"29":{"loc":{"start":{"line":546,"column":33},"end":{"line":546,"column":62}},"type":"cond-expr","locations":[{"start":{"line":546,"column":52},"end":{"line":546,"column":57}},{"start":{"line":546,"column":60},"end":{"line":546,"column":62}}],"line":546},"30":{"loc":{"start":{"line":569,"column":4},"end":{"line":571,"column":5}},"type":"if","locations":[{"start":{"line":569,"column":4},"end":{"line":571,"column":5}},{"start":{},"end":{}}],"line":569},"31":{"loc":{"start":{"line":575,"column":4},"end":{"line":577,"column":5}},"type":"if","locations":[{"start":{"line":575,"column":4},"end":{"line":577,"column":5}},{"start":{},"end":{}}],"line":575},"32":{"loc":{"start":{"line":581,"column":4},"end":{"line":583,"column":5}},"type":"if","locations":[{"start":{"line":581,"column":4},"end":{"line":583,"column":5}},{"start":{},"end":{}}],"line":581},"33":{"loc":{"start":{"line":591,"column":4},"end":{"line":595,"column":5}},"type":"if","locations":[{"start":{"line":591,"column":4},"end":{"line":595,"column":5}},{"start":{},"end":{}}],"line":591},"34":{"loc":{"start":{"line":591,"column":8},"end":{"line":591,"column":37}},"type":"binary-expr","locations":[{"start":{"line":591,"column":8},"end":{"line":591,"column":17}},{"start":{"line":591,"column":21},"end":{"line":591,"column":37}}],"line":591},"35":{"loc":{"start":{"line":598,"column":20},"end":{"line":598,"column":63}},"type":"binary-expr","locations":[{"start":{"line":598,"column":20},"end":{"line":598,"column":50}},{"start":{"line":598,"column":54},"end":{"line":598,"column":63}}],"line":598},"36":{"loc":{"start":{"line":599,"column":20},"end":{"line":599,"column":55}},"type":"binary-expr","locations":[{"start":{"lin
[...]
:105},"3":{"name":"(anonymous_3)","decl":{"start":{"line":127,"column":33},"end":{"line":127,"column":34}},"loc":{"start":{"line":127,"column":43},"end":{"line":127,"column":67}},"line":127},"4":{"name":"(anonymous_4)","decl":{"start":{"line":130,"column":31},"end":{"line":130,"column":32}},"loc":{"start":{"line":130,"column":41},"end":{"line":130,"column":65}},"line":130},"5":{"name":"(anonymous_5)","decl":{"start":{"line":142,"column":10},"end":{"line":142,"column":11}},"loc":{"start":{"line":142,"column":20},"end":{"line":142,"column":70}},"line":142},"6":{"name":"(anonymous_6)","decl":{"start":{"line":168,"column":14},"end":{"line":168,"column":15}},"loc":{"start":{"line":168,"column":24},"end":{"line":168,"column":48}},"line":168},"7":{"name":"(anonymous_7)","decl":{"start":{"line":174,"column":14},"end":{"line":174,"column":15}},"loc":{"start":{"line":174,"column":24},"end":{"line":174,"column":48}},"line":174},"8":{"name":"(anonymous_8)","decl":{"start":{"line":188,"column":4},"end":{"line":188,"column":5}},"loc":{"start":{"line":189,"column":6},"end":{"line":191,"column":56}},"line":189}},"branchMap":{"0":{"loc":{"start":{"line":85,"column":22},"end":{"line":85,"column":66}},"type":"binary-expr","locations":[{"start":{"line":85,"column":22},"end":{"line":85,"column":40}},{"start":{"line":85,"column":44},"end":{"line":85,"column":66}}],"line":85},"1":{"loc":{"start":{"line":105,"column":22},"end":{"line":105,"column":66}},"type":"binary-expr","locations":[{"start":{"line":105,"column":22},"end":{"line":105,"column":40}},{"start":{"line":105,"column":44},"end":{"line":105,"column":66}}],"line":105},"2":{"loc":{"start":{"line":189,"column":6},"end":{"line":191,"column":56}},"type":"binary-expr","locations":[{"start":{"line":189,"column":6},"end":{"line":189,"column":21}},{"start":{"line":190,"column":6},"end":{"line":190,"column":19}},{"start":{"line":191,"column":6},"end":{"line":191,"column":56}}],"line":189}},"s":{"0":1,"1":1,"2":1,"3":1,"4":1,"5":1,"6":0,"7":1,"8":1,"9":1,"10":1,"11":0,"12":1,"13":0,"14":1,"15":0,"16":0,"17":0,"18":1,"19":0,"20":0,"21":0,"22":1},"f":{"0":0,"1":0,"2":0,"3":0,"4":0,"5":0,"6":0,"7":0,"8":0},"b":{"0":[0,0],"1":[0,0],"2":[0,0,0]},"inputSourceMap":null,"_coverageSchema":"1a1c01bbd47fc00a2c39e90264f33305004495a9","hash":"aa9392ae778540ff6d03d0bf8f24847c4ff87db6"}
,"D:\\Personal Dev\\ProjectGrid-MERN-Stack-Project-Management-App\\backend\\middleware\\auth-middleware.js": {"path":"D:\\Personal Dev\\ProjectGrid-MERN-Stack-Project-Management-App\\backend\\middleware\\auth-middleware.js","statementMap":{"0":{"start":{"line":7,"column":23},"end":{"line":38,"column":1}},"1":{"start":{"line":8,"column":2},"end":{"line":37,"column":3}},"2":{"start":{"line":9,"column":23},"end":{"line":9,"column":48}},"3":{"start":{"line":11,"column":4},"end":{"line":15,"column":5}},"4":{"start":{"line":12,"column":6},"end":{"line":14,"column":9}},"5":{"start":{"line":17,"column":18},"end":{"line":17,"column":42}},"6":{"start":{"line":18,"column":20},"end":{"line":18,"column":61}},"7":{"start":{"line":20,"column":17},"end":{"line":20,"column":52}},"8":{"start":{"line":22,"column":4},"end":{"line":26,"column":5}},"9":{"start":{"line":23,"column":6},"end":{"line":25,"column":9}},"10":{"start":{"line":29,"column":4},"end":{"line":29,"column":20}},"11":{"start":{"line":30,"column":4},"end":{"line":30,"column":11}},"12":{"start":{"line":32,"column":4},"end":{"line":32,"column":23}},"13":{"start":{"line":33,"column":4},"end":{"line":35,"column":5}},"14":{"start":{"line":34,"column":6},"end":{"line":34,"column":64}},"15":{"start":{"line":36,"column":4},"end":{"line":36,"column":62}}},"fnMap":{"0":{"name":"(anonymous_0)","decl":{"start":{"line":7,"column":23},"end":{"line":7,"column":24}},"loc":{"start":{"line":7,"column":49},"end":{"line":38,"column":1}},"line":7}},"branchMap":{"0":{"loc":{"start":{"line":11,"column":4},"end":{"line":15,"column":5}},"type":"if","locations":[{"start":{"line":11,"column":4},"end":{"line":15,"column":5}},{"start":{},"end":{}}],"line":11},"1":{"loc":{"start":{"line":11,"column":8},"end":{"line":11,"column":56}},"type":"binary-expr","locations":[{"start":{"line":11,"column":8},"end":{"line":11,"column":19}},{"start":{"line":11,"column":23},"end":{"line":11,"column":56}}],"line":11},"2":{"loc":{"start":{"line":22,"column":4},"end":{"line":26,"column":5}},"type":"if","locations":[{"start":{"line":22,"column":4},"end":{"line":26,"column":5}},{"start":{},"end":{}}],"line":22},"3":{"loc":{"start":{"line":33,"column":4},"end":{"line":35,"column":5}},"type":"if","locations":[{"start":{"line":33,"column":4},"end":{"line":35,"column":5}},{"start":{},"end":{}}],"line":33}},"s":{"0":1,"1":0,"2":0,"3":0,"4":0,"5":0,"6":0,"7":0,"8":0,"9":0,"10":0,"11":0,"12":0,"13":0,"14":0,"15":0},"f":{"0":0},"b":{"0":[0,0],"1":[0,0],"2":[0,0],"3":[0,0]},"inputSourceMap":null,"_coverageSchema":"1a1c01bbd47fc00a2c39e90264f33305004495a9","hash":"22f8ceb1a5d10119958cdbee245edf9da4a11fc4"}
,"D:\\Personal Dev\\ProjectGrid-MERN-Stack-Project-Management-App\\backend\\middleware\\upload.js": {"path":"D:\\Personal Dev\\ProjectGrid-MERN-Stack-Project-Management-App\\backend\\middleware\\upload.js","statementMap":{"0":{"start":{"line":6,"column":18},"end":{"line":6,"column":53}},"1":{"start":{"line":7,"column":0},"end":{"line":9,"column":1}},"2":{"start":{"line":8,"column":2},"end":{"line":8,"column":26}},"3":{"start":{"line":12,"column":16},"end":{"line":21,"column":2}},"4":{"start":{"line":14,"column":4},"end":{"line":14,"column":24}},"5":{"start":{"line":17,"column":25},"end":{"line":17,"column":75}},"6":{"start":{"line":18,"column":16},"end":{"line":18,"column":47}},"7":{"start":{"line":19,"column":4},"end":{"line":19,"column":56}},"8":{"start":{"line":24,"column":19},"end":{"line":29,"column":1}},"9":{"start":{"line":25,"column":2},"end":{"line":27,"column":3}},"10":{"start":{"line":26,"column":4},"end":{"line":26,"column":65}},"11":{"start":{"line":28,"column":2},"end":{"line":28,"column":17}},"12":{"start":{"line":32,"column":22},"end":{"line":36,"column":2}}},"fnMap":{"0":{"name":"(anonymous_0)","decl":{"start":{"line":13,"column":15},"end":{"line":13,"column":16}},"loc":{"start":{"line":13,"column":40},"end":{"line":15,"column":3}},"line":13},"1":{"name":"(anonymous_1)","decl":{"start":{"line":16,"column":12},"end":{"line":16,"column":13}},"loc":{"start":{"line":16,"column":37},"end":{"line":20,"column":3}},"line":16},"2":{"name":"(anonymous_2)","decl":{"start":{"line":24,"column":19},"end":{"line":24,"column":20}},"loc":{"start":{"line":24,"column":38},"end":{"line":29,"column":1}},"line":24}},"branchMap":{"0":{"loc":{"start":{"line":7,"column":0},"end":{"line":9,"column":1}},"type":"if","locations":[{"start":{"line":7,"column":0},"end":{"line":9,"column":1}},{"start":{},"end":{}}],"line":7},"1":{"loc":{"start":{"line":25,"column":2},"end":{"line":27,"column":3}},"type":"if","locations":[{"start":{"line":25,"column":2},"end":{"line":27,"column":3}},{"start":{},"end":{}}],"line":25}},"s":{"0":1,"1":1,"2":0,"3":1,"4":0,"5":0,"6":0,"7":0,"8":1,"9":0,"10":0,"11":0,"12":1},"f":{"0":0,"1":0,"2":0},"b":{"0":[0,1],"1":[0,0]},"inputSourceMap":null,"_coverageSchema":"1a1c01bbd47fc00a2c39e90264f33305004495a9","hash":"a2e806bb5bd8ac909cab88d70f6b97383a392bac"}
,"D:\\Personal Dev\\ProjectGrid-MERN-Stack-Project-Management-App\\backend\\models\\activity.js": {"path":"D:\\Personal Dev\\ProjectGrid-MERN-Stack-Project-Management-App\\backend\\models\\activity.js","statementMap":{"0":{"start":{"line":6,"column":26},"end":{"line":63,"column":1}},"1":{"start":{"line":66,"column":0},"end":{"line":66,"column":43}},"2":{"start":{"line":67,"column":0},"end":{"line":67,"column":37}},"3":{"start":{"line":68,"column":0},"end":{"line":68,"column":43}},"4":{"start":{"line":70,"column":20},"end":{"line":70,"column":68}}},"fnMap":{},"branchMap":{},"s":{"0":1,"1":1,"2":1,"3":1,"4":1},"f":{},"b":{},"inputSourceMap":null,"_coverageSchema":"1a1c01bbd47fc00a2c39e90264f33305004495a9","hash":"5e680530af420a6faf5b5323a8d2f3fd0ec727e6"}
,"D:\\Personal Dev\\ProjectGrid-MERN-Stack-Project-Management-App\\backend\\models\\comment.js": {"path":"D:\\Personal Dev\\ProjectGrid-MERN-Stack-Project-Management-App\\backend\\models\\comment.js","statementMap":{"0":{"start":{"line":3,"column":22},"end":{"line":60,"column":1}},"1":{"start":{"line":62,"column":16},"end":{"line":62,"column":56}}},"fnMap":{},"branchMap":{},"s":{"0":1,"1":1},"f":{},"b":{},"inputSourceMap":null,"_coverageSchema":"1a1c01bbd47fc00a2c39e90264f33305004495a9","hash":"44cc913d5ec9d1e6b82d3f1a88de562a634326f7"}
,"D:\\Personal Dev\\ProjectGrid-MERN-Stack-Project-Management-App\\backend\\models\\project.js": {"path":"D:\\Personal Dev\\ProjectGrid-MERN-Stack-Project-Management-App\\backend\\models\\project.js","statementMap":{"0":{"start":{"line":3,"column":22},"end":{"line":84,"column":1}},"1":{"start":{"line":86,"column":16},"end":{"line":86,"column":56}}},"fnMap":{},"branchMap":{},"s":{"0":1,"1":1},"f":{},"b":{},"inputSourceMap":null,"_coverageSchema":"1a1c01bbd47fc00a2c39e90264f33305004495a9","hash":"57557267ab50f07b983318dba180acf77bd5e2b2"}
,"D:\\Personal Dev\\ProjectGrid-MERN-Stack-Project-Management-App\\backend\\models\\task.js": {"path":"D:\\Personal Dev\\ProjectGrid-MERN-Stack-Project-Management-App\\backend\\models\\task.js","statementMap":{"0":{"start":{"line":3,"column":19},"end":{"line":70,"column":1}},"1":{"start":{"line":72,"column":13},"end":{"line":72,"column":47}}},"fnMap":{},"branchMap":{},"s":{"0":1,"1":1},"f":{},"b":{},"inputSourceMap":null,"_coverageSchema":"1a1c01bbd47fc00a2c39e90264f33305004495a9","hash":"f5d9fff047d4c48cb80dbef240dd42966841a248"}
,"D:\\Personal Dev\\ProjectGrid-MERN-Stack-Project-Management-App\\backend\\models\\user.js": {"path":"D:\\Personal Dev\\ProjectGrid-MERN-Stack-Project-Management-App\\backend\\models\\user.js","statementMap":{"0":{"start":{"line":4,"column":19},"end":{"line":48,"column":1}},"1":{"start":{"line":51,"column":13},"end":{"line":51,"column":47}}},"fnMap":{},"branchMap":{},"s":{"0":1,"1":1},"f":{},"b":{},"inputSourceMap":null,"_coverageSchema":"1a1c01bbd47fc00a2c39e90264f33305004495a9","hash":"828cd7a8c834ff0252aaf52874027988dd300551"}
,"D:\\Personal Dev\\ProjectGrid-MERN-Stack-Project-Management-App\\backend\\models\\verification.js": {"path":"D:\\Personal Dev\\ProjectGrid-MERN-Stack-Project-Management-App\\backend\\models\\verification.js","statementMap":{"0":{"start":{"line":3,"column":27},"end":{"line":20,"column":1}},"1":{"start":{"line":22,"column":21},"end":{"line":22,"column":71}}},"fnMap":{},"branchMap":{},"s":{"0":1,"1":1},"f":{},"b":{},"inputSourceMap":null,"_coverageSchema":"1a1c01bbd47fc00a2c39e90264f33305004495a9","hash":"2520d88c0826b851de2347e0e7fa3826655601b4"}
,"D:\\Personal Dev\\ProjectGrid-MERN-Stack-Project-Management-App\\backend\\models\\workspace-invite.js": {"path":"D:\\Personal Dev\\ProjectGrid-MERN-Stack-Project-Management-App\\backend\\models\\workspace-invite.js","statementMap":{"0":{"start":{"line":3,"column":30},"end":{"line":30,"column":1}},"1":{"start":{"line":32,"column":24},"end":{"line":35,"column":1}}},"fnMap":{},"branchMap":{},"s":{"0":1,"1":1},"f":{},"b":{},"inputSourceMap":null,"_coverageSchema":"1a1c01bbd47fc00a2c39e90264f33305004495a9","hash":"df0513d2e80c5476073e61a4a01df41dc1aeb285"}
,"D:\\Personal Dev\\ProjectGrid-MERN-Stack-Project-Management-App\\backend\\models\\workspace.js": {"path":"D:\\Personal Dev\\ProjectGrid-MERN-Stack-Project-Management-App\\backend\\models\\workspace.js","statementMap":{"0":{"start":{"line":3,"column":23},"end":{"line":33,"column":1}},"1":{"start":{"line":35,"column":18},"end":{"line":35,"column":61}}},"fnMap":{},"branchMap":{},"s":{"0":1,"1":1},"f":{},"b":{},"inputSourceMap":null,"_coverageSchema":"1a1c01bbd47fc00a2c39e90264f33305004495a9","hash":"b912aa57db4e9463af06051d0276190601525433"}
,"D:\\Personal Dev\\ProjectGrid-MERN-Stack-Project-Management-App\\backend\\routes\\auth.js": {"path":"D:\\Personal Dev\\ProjectGrid-MERN-Stack-Project-Management-App\\backend\\routes\\auth.js","statementMap":{"0":{"start":{"line":19,"column":15},"end":{"line":19,"column":31}},"1":{"start":{"line":22,"column":0},"end":{"line":26,"column":2}},"2":{"start":{"line":29,"column":0},"end":{"line":29,"column":73}},"3":{"start":{"line":32,"column":0},"end":{"line":32,"column":47}},"4":{"start":{"line":35,"column":0},"end":{"line":39,"column":2}},"5":{"start":{"line":42,"column":0},"end":{"line":46,"column":2}},"6":{"start":{"line":49,"column":0},"end":{"line":53,"column":2}}},"fnMap":{},"branchMap":{},"s":{"0":1,"1":1,"2":1,"3":1,"4":1,"5":1,"6":1},"f":{},"b":{},"inputSourceMap":null,"_coverageSchema":"1a1c01bbd47fc00a2c39e90264f33305004495a9","hash":"1597b667b89a44687c7b02b93befd60d0af39c11"}
,"D:\\Personal Dev\\ProjectGrid-MERN-Stack-Project-Management-App\\backend\\routes\\index.js": {"path":"D:\\Personal Dev\\ProjectGrid-MERN-Stack-Project-Management-App\\backend\\routes\\index.js","statementMap":{"0":{"start":{"line":8,"column":15},"end":{"line":8,"column":31}},"1":{"start":{"line":11,"column":0},"end":{"line":11,"column":32}},"2":{"start":{"line":16,"column":0},"end":{"line":16,"column":43}},"3":{"start":{"line":18,"column":0},"end":{"line":18,"column":39}},"4":{"start":{"line":20,"column":0},"end":{"line":20,"column":33}},"5":{"start":{"line":21,"column":0},"end":{"line":21,"column":33}}},"fnMap":{},"branchMap":{},"s":{"0":1,"1":1,"2":1,"3":1,"4":1,"5":1},"f":{},"b":{},"inputSourceMap":null,"_coverageSchema":"1a1c01bbd47fc00a2c39e90264f33305004495a9","hash":"3478bd73fc5872682ac5b3941db35414df09aca1"}
,"D:\\Personal Dev\\ProjectGrid-MERN-Stack-Project-Management-App\\backend\\routes\\project.js": {"path":"D:\\Personal Dev\\ProjectGrid-MERN-Stack-Project-Management-App\\backend\\routes\\project.js","statementMap":{"0":{"start":{"line":17,"column":15},"end":{"line":17,"column":31}},"1":{"start":{"line":22,"column":0},"end":{"line":32,"column":2}},"2":{"start":{"line":37,"column":0},"end":{"line":44,"column":2}},"3":{"start":{"line":49,"column":0},"end":{"line":56,"column":2}},"4":{"start":{"line":61,"column":0},"end":{"line":69,"column":2}},"5":{"start":{"line":74,"column":0},"end":{"line":81,"column":2}},"6":{"start":{"line":86,"column":0},"end":{"line":93,"column":2}}},"fnMap":{},"branchMap":{},"s":{"0":1,"1":1,"2":1,"3":1,"4":1,"5":1,"6":1},"f":{},"b":{},"inputSourceMap":null,"_coverageSchema":"1a1c01bbd47fc00a2c39e90264f33305004495a9","hash":"5b410580fc3f5a2f3bb456bf8c4c4f5dc2665fe1"}
,"D:\\Personal Dev\\ProjectGrid-MERN-Stack-Project-Management-App\\backend\\routes\\task.js": {"path":"D:\\Personal Dev\\ProjectGrid-MERN-Stack-Project-Management-App\\backend\\routes\\task.js","statementMap":{"0":{"start":{"line":31,"column":15},"end":{"line":31,"column":31}},"1":{"start":{"line":36,"column":0},"end":{"line":62,"column":3}},"2":{"start":{"line":37,"column":2},"end":{"line":61,"column":3}},"3":{"start":{"line":38,"column":28},"end":{"line":38,"column":37}},"4":{"start":{"line":41,"column":16},"end":{"line":48,"column":30}},"5":{"start":{"line":51,"column":4},"end":{"line":55,"column":5}},"6":{"start":{"line":52,"column":6},"end":{"line":54,"column":8}},"7":{"start":{"line":53,"column":15},"end":{"line":53,"column":74}},"8":{"start":{"line":57,"column":4},"end":{"line":57,"column":24}},"9":{"start":{"line":59,"column":4},"end":{"line":59,"column":57}},"10":{"start":{"line":60,"column":4},"end":{"line":60,"column":63}},"11":{"start":{"line":67,"column":0},"end":{"line":77,"column":2}},"12":{"start":{"line":82,"column":0},"end":{"line":90,"column":2}},"13":{"start":{"line":95,"column":0},"end":{"line":103,"column":2}},"14":{"start":{"line":108,"column":0},"end":{"line":115,"column":2}},"15":{"start":{"line":120,"column":0},"end":{"line":127,"column":2}},"16":{"start":{"line":132,"column":0},"end":{"line":141,"column":2}},"17":{"start":{"line":146,"column":0},"end":{"line":158,"column":2}},"18":{"start":{"line":163,"column":0},"end":{"line":175,"column":2}},"19":{"start":{"line":180,"column":0},"end":{"line":180,"column":52}},"20":{"start":{"line":185,"column":0},"end":{"line":193,"column":2}},"21":{"start":{"line":198,"column":0},"end":{"line":206,"column":2}},"22":{"start":{"line":211,"column":0},"end":{"line":220,"column":2}},"23":{"start":{"line":225,"column":0},"end":{"line":233,"column":2}},"24":{"start":{"line":238,"column":0},"end":{"line":245,"column":2}},"25":{"start":{"line":250,"column":0},"end":{"line":257,"column":2}},"26":{"start":{"line":262,"column":0},"end":{"line":294,"column":2}},"27":{"start":{"line":299,"column":0},"end":{"line":309,"column":2}},"28":{"start":{"line":314,"column":0},"end":{"line":323,"column":2}}},"fnMap":{"0":{"name":"(anonymous_0)","decl":{"start":{"line":36,"column":40},"end":{"line":36,"column":41}},"loc":{"start":{"line":36,"column":60},"end":{"line":62,"column":1}},"line":36},"1":{"name":"(anonymous_1)","decl":{"start":{"line":53,"column":8},"end":{"line":53,"column":9}},"loc":{"start":{"line":53,"column":15},"end":{"line":53,"column":74}},"line":53}},"branchMap":{"0":{"loc":{"start":{"line":51,"column":4},"end":{"line":55,"column":5}},"type":"if","locations":[{"start":{"line":51,"column":4},"end":{"line":55,"column":5}},{"start":{},"end":{}}],"line":51},"1":{"loc":{"start":{"line":53,"column":15},"end":{"line":53,"column":74}},"type":"binary-expr","locations":[{"start":{"line":53,"column":15},"end":{"line":53,"column":24}},{"start":{"line":53,"column":28},"end":{"line":53,"column":74}}],"line":53}},"s":{"0":1,"1":1,"2":0,"3":0,"4":0,"5":0,"6":0,"7":0,"8":0,"9":0,"10":0,"11":1,"12":1,"13":1,"14":1,"15":1,"16":1,"17":1,"18":1,"19":1,"20":1,"21":1,"22":1,"23":1,"24":1,"25":1,"26":1,"27":1,"28":1},"f":{"0":0,"1":0},"b":{"0":[0,0],"1":[0,0]},"inputSourceMap":null,"_coverageSchema":"1a1c01bbd47fc00a2c39e90264f33305004495a9","hash":"1c811c0c07790224feea63be6e3d00eb7e05f286"}
,"D:\\Personal Dev\\ProjectGrid-MERN-Stack-Project-Management-App\\backend\\routes\\user.js": {"path":"D:\\Personal Dev\\ProjectGrid-MERN-Stack-Project-Management-App\\backend\\routes\\user.js","statementMap":{"0":{"start":{"line":11,"column":15},"end":{"line":11,"column":31}},"1":{"start":{"line":14,"column":0},"end":{"line":14,"column":57}},"2":{"start":{"line":17,"column":0},"end":{"line":22,"column":2}},"3":{"start":{"line":25,"column":0},"end":{"line":25,"column":65}},"4":{"start":{"line":28,"column":0},"end":{"line":28,"column":70}}},"fnMap":{},"branchMap":{},"s":{"0":1,"1":1,"2":1,"3":1,"4":1},"f":{},"b":{},"inputSourceMap":null,"_coverageSchema":"1a1c01bbd47fc00a2c39e90264f33305004495a9","hash":"d735cdb9a21c06a16a7f5f42a55b793af9b40cec"}
,"D:\\Personal Dev\\ProjectGrid-MERN-Stack-Project-Management-App\\backend\\routes\\workspace.js": {"path":"D:\\Personal Dev\\ProjectGrid-MERN-Stack-Project-Management-App\\backend\\routes\\workspace.js","statementMap":{"0":{"start":{"line":26,"column":15},"end":{"line":26,"column":31}},"1":{"start":{"line":28,"column":0},"end":{"line":33,"column":2}},"2":{"start":{"line":36,"column":0},"end":{"line":36,"column":47}},"3":{"start":{"line":39,"column":0},"end":{"line":39,"column":65}},"4":{"start":{"line":42,"column":0},"end":{"line":42,"column":75}},"5":{"start":{"line":45,"column":0},"end":{"line":45,"column":69}},"6":{"start":{"line":48,"column":0},"end":{"line":53,"column":2}},"7":{"start":{"line":56,"column":0},"end":{"line":60,"column":2}},"8":{"start":{"line":63,"column":0},"end":{"line":67,"column":2}},"9":{"start":{"line":70,"column":0},"end":{"line":70,"column":64}},"10":{"start":{"line":73,"column":0},"end":{"line":78,"column":2}},"11":{"start":{"line":80,"column":0},"end":{"line":88,"column":2}},"12":{"start":{"line":90,"column":0},"end":{"line":95,"column":2}}},"fnMap":{},"branchMap":{},"s":{"0":1,"1":1,"2":1,"3":1,"4":1,"5":1,"6":1,"7":1,"8":1,"9":1,"10":1,"11":1,"12":1},"f":{},"b":{},"inputSourceMap":null,"_coverageSchema":"1a1c01bbd47fc00a2c39e90264f33305004495a9","hash":"53f392aca0619e2e43e93c384e7b95ed1114dada"}
}
