TN:
SF:index.js
FN:28,(anonymous_0)
FN:31,(anonymous_1)
FN:45,(anonymous_2)
FN:55,(anonymous_3)
FN:61,(anonymous_4)
FN:69,(anonymous_5)
FNF:6
FNH:2
FNDA:1,(anonymous_0)
FNDA:0,(anonymous_1)
FNDA:1,(anonymous_2)
FNDA:0,(anonymous_3)
FNDA:0,(anonymous_4)
FNDA:0,(anonymous_5)
DA:10,1
DA:12,1
DA:15,1
DA:23,1
DA:26,1
DA:29,1
DA:32,0
DA:35,1
DA:38,1
DA:39,1
DA:42,1
DA:45,1
DA:46,1
DA:52,1
DA:55,1
DA:56,0
DA:57,0
DA:61,1
DA:62,0
DA:68,1
DA:69,0
DA:70,0
LF:22
LH:16
BRDA:42,0,0,1
BRDA:42,0,1,0
BRDA:68,1,0,0
BRDA:68,1,1,1
BRF:4
BRH:2
end_of_record
TN:
SF:controllers\auth-controller.js
FN:9,(anonymous_0)
FN:34,(anonymous_1)
FN:59,(anonymous_2)
FN:89,(anonymous_3)
FN:154,(anonymous_4)
FN:251,(anonymous_5)
FN:300,(anonymous_6)
FN:347,(anonymous_7)
FN:405,(anonymous_8)
FNF:9
FNH:0
FNDA:0,(anonymous_0)
FNDA:0,(anonymous_1)
FNDA:0,(anonymous_2)
FNDA:0,(anonymous_3)
FNDA:0,(anonymous_4)
FNDA:0,(anonymous_5)
FNDA:0,(anonymous_6)
FNDA:0,(anonymous_7)
FNDA:0,(anonymous_8)
DA:9,1
DA:34,1
DA:59,1
DA:89,1
DA:90,0
DA:91,0
DA:93,0
DA:94,0
DA:95,0
DA:98,0
DA:99,0
DA:100,0
DA:104,0
DA:105,0
DA:107,0
DA:114,0
DA:124,0
DA:130,0
DA:131,0
DA:132,0
DA:134,0
DA:135,0
DA:136,0
DA:141,0
DA:147,0
DA:154,1
DA:155,0
DA:156,0
DA:157,0
DA:159,0
DA:160,0
DA:162,0
DA:163,0
DA:166,0
DA:167,0
DA:172,0
DA:173,0
DA:175,0
DA:181,0
DA:187,0
DA:188,0
DA:192,0
DA:193,0
DA:195,0
DA:201,0
DA:202,0
DA:203,0
DA:206,0
DA:207,0
DA:208,0
DA:214,0
DA:215,0
DA:216,0
DA:218,0
DA:219,0
DA:221,0
DA:230,0
DA:235,0
DA:236,0
DA:238,0
DA:239,0
DA:241,0
DA:245,0
DA:246,0
DA:251,1
DA:252,0
DA:253,0
DA:254,0
DA:255,0
DA:258,0
DA:259,0
DA:260,0
DA:261,0
DA:263,0
DA:266,0
DA:269,0
DA:271,0
DA:272,0
DA:273,0
DA:274,0
DA:276,0
DA:277,0
DA:278,0
DA:280,0
DA:285,0
DA:286,0
DA:288,0
DA:294,0
DA:295,0
DA:300,1
DA:301,0
DA:302,0
DA:303,0
DA:306,0
DA:307,0
DA:309,0
DA:312,0
DA:313,0
DA:314,0
DA:316,0
DA:317,0
DA:318,0
DA:321,0
DA:322,0
DA:326,0
DA:327,0
DA:328,0
DA:329,0
DA:331,0
DA:332,0
DA:333,0
DA:335,0
DA:340,0
DA:347,1
DA:348,0
DA:349,0
DA:350,0
DA:351,0
DA:352,0
DA:353,0
DA:358,0
DA:361,0
DA:362,0
DA:366,0
DA:367,0
DA:369,0
DA:375,0
DA:381,0
DA:382,0
DA:386,0
DA:388,0
DA:389,0
DA:390,0
DA:394,0
DA:398,0
DA:405,1
DA:406,0
DA:407,0
DA:408,0
DA:409,0
DA:410,0
DA:412,0
DA:413,0
DA:414,0
DA:416,0
DA:417,0
DA:418,0
DA:419,0
DA:423,0
DA:424,0
DA:425,0
DA:426,0
DA:430,0
DA:431,0
DA:433,0
DA:434,0
DA:435,0
DA:437,0
DA:442,0
LF:159
LH:9
BRDA:94,0,0,0
BRDA:94,0,1,0
BRDA:99,1,0,0
BRDA:99,1,1,0
BRDA:135,2,0,0
BRDA:135,2,1,0
BRDA:159,3,0,0
BRDA:159,3,1,0
BRDA:162,4,0,0
BRDA:162,4,1,0
BRDA:166,5,0,0
BRDA:166,5,1,0
BRDA:166,6,0,0
BRDA:166,6,1,0
BRDA:172,7,0,0
BRDA:172,7,1,0
BRDA:202,8,0,0
BRDA:202,8,1,0
BRDA:206,9,0,0
BRDA:206,9,1,0
BRDA:254,10,0,0
BRDA:254,10,1,0
BRDA:254,11,0,0
BRDA:254,11,1,0
BRDA:260,12,0,0
BRDA:260,12,1,0
BRDA:269,13,0,0
BRDA:269,13,1,0
BRDA:271,14,0,0
BRDA:271,14,1,0
BRDA:271,15,0,0
BRDA:271,15,1,0
BRDA:273,16,0,0
BRDA:273,16,1,0
BRDA:303,17,0,0
BRDA:303,17,1,0
BRDA:313,18,0,0
BRDA:313,18,1,0
BRDA:317,19,0,0
BRDA:317,19,1,0
BRDA:321,20,0,0
BRDA:321,20,1,0
BRDA:327,21,0,0
BRDA:327,21,1,0
BRDA:328,22,0,0
BRDA:328,22,1,0
BRDA:351,23,0,0
BRDA:351,23,1,0
BRDA:352,24,0,0
BRDA:352,24,1,0
BRDA:361,25,0,0
BRDA:361,25,1,0
BRDA:361,26,0,0
BRDA:361,26,1,0
BRDA:366,27,0,0
BRDA:366,27,1,0
BRDA:366,28,0,0
BRDA:366,28,1,0
BRDA:389,29,0,0
BRDA:389,29,1,0
BRDA:409,30,0,0
BRDA:409,30,1,0
BRDA:413,31,0,0
BRDA:413,31,1,0
BRDA:417,32,0,0
BRDA:417,32,1,0
BRDA:418,33,0,0
BRDA:418,33,1,0
BRDA:424,34,0,0
BRDA:424,34,1,0
BRDA:425,35,0,0
BRDA:425,35,1,0
BRF:72
BRH:0
end_of_record
TN:
SF:controllers\project.js
FN:10,(anonymous_0)
FN:24,(anonymous_1)
FN:58,(anonymous_2)
FN:74,(anonymous_3)
FN:93,(anonymous_4)
FN:109,(anonymous_5)
FN:135,(anonymous_6)
FN:146,(anonymous_7)
FN:165,(anonymous_8)
FN:178,(anonymous_9)
FN:186,(anonymous_10)
FN:192,(anonymous_11)
FN:196,(anonymous_12)
FN:228,(anonymous_13)
FN:243,(anonymous_14)
FNF:15
FNH:0
FNDA:0,(anonymous_0)
FNDA:0,(anonymous_1)
FNDA:0,(anonymous_2)
FNDA:0,(anonymous_3)
FNDA:0,(anonymous_4)
FNDA:0,(anonymous_5)
FNDA:0,(anonymous_6)
FNDA:0,(anonymous_7)
FNDA:0,(anonymous_8)
FNDA:0,(anonymous_9)
FNDA:0,(anonymous_10)
FNDA:0,(anonymous_11)
FNDA:0,(anonymous_12)
FNDA:0,(anonymous_13)
FNDA:0,(anonymous_14)
DA:10,1
DA:11,0
DA:12,0
DA:14,0
DA:17,0
DA:18,0
DA:19,0
DA:23,0
DA:24,0
DA:26,0
DA:27,0
DA:33,0
DA:45,0
DA:46,0
DA:48,0
DA:50,0
DA:51,0
DA:58,1
DA:59,0
DA:60,0
DA:63,0
DA:68,0
DA:69,0
DA:73,0
DA:74,0
DA:77,0
DA:78,0
DA:83,0
DA:85,0
DA:86,0
DA:93,1
DA:94,0
DA:95,0
DA:98,0
DA:103,0
DA:104,0
DA:108,0
DA:109,0
DA:112,0
DA:113,0
DA:119,0
DA:125,0
DA:127,0
DA:128,0
DA:135,1
DA:136,0
DA:137,0
DA:138,0
DA:140,0
DA:141,0
DA:144,0
DA:145,0
DA:146,0
DA:148,0
DA:150,0
DA:151,0
DA:152,0
DA:154,0
DA:155,0
DA:157,0
DA:158,0
DA:165,1
DA:166,0
DA:167,0
DA:169,0
DA:170,0
DA:172,0
DA:173,0
DA:174,0
DA:177,0
DA:178,0
DA:180,0
DA:181,0
DA:185,0
DA:186,0
DA:188,0
DA:191,0
DA:192,0
DA:195,0
DA:196,0
DA:199,0
DA:202,0
DA:211,0
DA:214,0
DA:216,0
DA:220,0
DA:221,0
DA:228,1
DA:229,0
DA:230,0
DA:232,0
DA:237,0
DA:238,0
DA:242,0
DA:243,0
DA:245,0
DA:246,0
DA:249,0
DA:250,0
DA:256,0
DA:258,0
DA:259,0
LF:102
LH:6
BRDA:18,0,0,0
BRDA:18,0,1,0
BRDA:26,1,0,0
BRDA:26,1,1,0
BRDA:68,2,0,0
BRDA:68,2,1,0
BRDA:77,3,0,0
BRDA:77,3,1,0
BRDA:103,4,0,0
BRDA:103,4,1,0
BRDA:112,5,0,0
BRDA:112,5,1,0
BRDA:141,6,0,0
BRDA:141,6,1,0
BRDA:148,7,0,0
BRDA:148,7,1,0
BRDA:150,8,0,0
BRDA:150,8,1,0
BRDA:151,9,0,0
BRDA:151,9,1,0
BRDA:152,10,0,0
BRDA:152,10,1,0
BRDA:170,11,0,0
BRDA:170,11,1,0
BRDA:173,12,0,0
BRDA:173,12,1,0
BRDA:180,13,0,0
BRDA:180,13,1,0
BRDA:180,14,0,0
BRDA:180,14,1,0
BRDA:237,15,0,0
BRDA:237,15,1,0
BRDA:245,16,0,0
BRDA:245,16,1,0
BRDA:249,17,0,0
BRDA:249,17,1,0
BRF:36
BRH:0
end_of_record
TN:
SF:controllers\task.js
FN:11,(anonymous_0)
FN:34,(anonymous_1)
FN:74,(anonymous_2)
FN:104,(anonymous_3)
FN:123,(anonymous_4)
FN:154,(anonymous_5)
FN:170,(anonymous_6)
FN:201,(anonymous_7)
FN:223,(anonymous_8)
FN:255,(anonymous_9)
FN:277,(anonymous_10)
FN:309,(anonymous_11)
FN:331,(anonymous_12)
FN:363,(anonymous_13)
FN:385,(anonymous_14)
FN:421,(anonymous_15)
FN:435,(anonymous_16)
FN:465,(anonymous_17)
FN:486,(anonymous_18)
FN:503,(anonymous_19)
FN:525,(anonymous_20)
FN:562,(anonymous_21)
FN:588,(anonymous_22)
FN:624,(anonymous_23)
FN:649,(anonymous_24)
FN:663,(anonymous_25)
FN:683,(anonymous_26)
FN:704,(anonymous_27)
FN:719,(anonymous_28)
FN:745,(anonymous_29)
FN:766,(anonymous_30)
FN:800,(anonymous_31)
FN:818,(anonymous_32)
FN:836,(anonymous_33)
FN:846,(anonymous_34)
FNF:35
FNH:0
FNDA:0,(anonymous_0)
FNDA:0,(anonymous_1)
FNDA:0,(anonymous_2)
FNDA:0,(anonymous_3)
FNDA:0,(anonymous_4)
FNDA:0,(anonymous_5)
FNDA:0,(anonymous_6)
FNDA:0,(anonymous_7)
FNDA:0,(anonymous_8)
FNDA:0,(anonymous_9)
FNDA:0,(anonymous_10)
FNDA:0,(anonymous_11)
FNDA:0,(anonymous_12)
FNDA:0,(anonymous_13)
FNDA:0,(anonymous_14)
FNDA:0,(anonymous_15)
FNDA:0,(anonymous_16)
FNDA:0,(anonymous_17)
FNDA:0,(anonymous_18)
FNDA:0,(anonymous_19)
FNDA:0,(anonymous_20)
FNDA:0,(anonymous_21)
FNDA:0,(anonymous_22)
FNDA:0,(anonymous_23)
FNDA:0,(anonymous_24)
FNDA:0,(anonymous_25)
FNDA:0,(anonymous_26)
FNDA:0,(anonymous_27)
FNDA:0,(anonymous_28)
FNDA:0,(anonymous_29)
FNDA:0,(anonymous_30)
FNDA:0,(anonymous_31)
FNDA:0,(anonymous_32)
FNDA:0,(anonymous_33)
FNDA:0,(anonymous_34)
DA:11,1
DA:12,0
DA:14,0
DA:18,0
DA:21,0
DA:22,0
DA:23,0
DA:27,0
DA:28,0
DA:29,0
DA:33,0
DA:34,0
DA:36,0
DA:37,0
DA:43,0
DA:55,0
DA:56,0
DA:59,0
DA:64,0
DA:66,0
DA:67,0
DA:74,1
DA:75,0
DA:76,0
DA:79,0
DA:83,0
DA:84,0
DA:88,0
DA:94,0
DA:96,0
DA:97,0
DA:104,1
DA:105,0
DA:106,0
DA:107,0
DA:110,0
DA:111,0
DA:112,0
DA:116,0
DA:117,0
DA:118,0
DA:122,0
DA:123,0
DA:125,0
DA:126,0
DA:132,0
DA:135,0
DA:136,0
DA:139,0
DA:144,0
DA:146,0
DA:147,0
DA:154,1
DA:155,0
DA:156,0
DA:157,0
DA:159,0
DA:160,0
DA:161,0
DA:164,0
DA:165,0
DA:166,0
DA:169,0
DA:170,0
DA:172,0
DA:173,0
DA:179,0
DA:180,0
DA:183,0
DA:184,0
DA:187,0
DA:191,0
DA:193,0
DA:194,0
DA:201,1
DA:202,0
DA:203,0
DA:204,0
DA:206,0
DA:208,0
DA:209,0
DA:214,0
DA:216,0
DA:217,0
DA:222,0
DA:223,0
DA:226,0
DA:227,0
DA:232,0
DA:234,0
DA:235,0
DA:238,0
DA:242,0
DA:244,0
DA:245,0
DA:255,1
DA:256,0
DA:257,0
DA:258,0
DA:260,0
DA:262,0
DA:263,0
DA:268,0
DA:270,0
DA:271,0
DA:276,0
DA:277,0
DA:280,0
DA:281,0
DA:286,0
DA:288,0
DA:289,0
DA:292,0
DA:296,0
DA:298,0
DA:299,0
DA:309,1
DA:310,0
DA:311,0
DA:312,0
DA:314,0
DA:316,0
DA:317,0
DA:322,0
DA:324,0
DA:325,0
DA:330,0
DA:331,0
DA:334,0
DA:335,0
DA:340,0
DA:342,0
DA:343,0
DA:346,0
DA:350,0
DA:352,0
DA:353,0
DA:363,1
DA:364,0
DA:365,0
DA:366,0
DA:368,0
DA:370,0
DA:371,0
DA:376,0
DA:378,0
DA:379,0
DA:384,0
DA:385,0
DA:388,0
DA:389,0
DA:394,0
DA:399,0
DA:400,0
DA:403,0
DA:407,0
DA:409,0
DA:411,0
DA:421,1
DA:422,0
DA:423,0
DA:424,0
DA:426,0
DA:428,0
DA:429,0
DA:434,0
DA:435,0
DA:438,0
DA:439,0
DA:444,0
DA:445,0
DA:448,0
DA:452,0
DA:454,0
DA:455,0
DA:465,1
DA:466,0
DA:467,0
DA:469,0
DA:473,0
DA:475,0
DA:476,0
DA:486,1
DA:487,0
DA:488,0
DA:490,0
DA:494,0
DA:496,0
DA:497,0
DA:503,1
DA:504,0
DA:505,0
DA:506,0
DA:508,0
DA:510,0
DA:511,0
DA:516,0
DA:518,0
DA:519,0
DA:524,0
DA:525,0
DA:528,0
DA:529,0
DA:534,0
DA:540,0
DA:541,0
DA:544,0
DA:550,0
DA:552,0
DA:553,0
DA:562,1
DA:563,0
DA:564,0
DA:565,0
DA:568,0
DA:569,0
DA:570,0
DA:574,0
DA:575,0
DA:576,0
DA:580,0
DA:581,0
DA:582,0
DA:586,0
DA:587,0
DA:588,0
DA:591,0
DA:592,0
DA:598,0
DA:599,0
DA:602,0
DA:603,0
DA:604,0
DA:605,0
DA:607,0
DA:610,0
DA:614,0
DA:616,0
DA:617,0
DA:624,1
DA:625,0
DA:626,0
DA:629,0
DA:630,0
DA:631,0
DA:635,0
DA:636,0
DA:637,0
DA:641,0
DA:642,0
DA:643,0
DA:647,0
DA:648,0
DA:649,0
DA:652,0
DA:653,0
DA:659,0
DA:662,0
DA:663,0
DA:665,0
DA:668,0
DA:669,0
DA:673,0
DA:675,0
DA:676,0
DA:683,1
DA:684,0
DA:685,0
DA:687,0
DA:689,0
DA:690,0
DA:695,0
DA:697,0
DA:698,0
DA:703,0
DA:704,0
DA:707,0
DA:708,0
DA:713,0
DA:715,0
DA:716,0
DA:718,0
DA:719,0
DA:723,0
DA:726,0
DA:732,0
DA:734,0
DA:735,0
DA:745,1
DA:746,0
DA:747,0
DA:749,0
DA:751,0
DA:752,0
DA:757,0
DA:759,0
DA:760,0
DA:765,0
DA:766,0
DA:769,0
DA:770,0
DA:774,0
DA:776,0
DA:777,0
DA:780,0
DA:786,0
DA:788,0
DA:790,0
DA:800,1
DA:801,0
DA:802,0
DA:806,0
DA:808,0
DA:809,0
DA:818,1
DA:819,0
DA:820,0
DA:823,0
DA:824,0
DA:825,0
DA:829,0
DA:830,0
DA:831,0
DA:835,0
DA:836,0
DA:838,0
DA:839,0
DA:845,0
DA:846,0
DA:848,0
DA:851,0
DA:854,0
DA:858,0
DA:860,0
DA:861,0
LF:335
LH:18
BRDA:22,0,0,0
BRDA:22,0,1,0
BRDA:28,1,0,0
BRDA:28,1,1,0
BRDA:36,2,0,0
BRDA:36,2,1,0
BRDA:83,3,0,0
BRDA:83,3,1,0
BRDA:111,4,0,0
BRDA:111,4,1,0
BRDA:117,5,0,0
BRDA:117,5,1,0
BRDA:125,6,0,0
BRDA:125,6,1,0
BRDA:160,7,0,0
BRDA:160,7,1,0
BRDA:165,8,0,0
BRDA:165,8,1,0
BRDA:172,9,0,0
BRDA:172,9,1,0
BRDA:179,10,0,0
BRDA:179,10,1,0
BRDA:180,11,0,0
BRDA:180,11,1,0
BRDA:208,12,0,0
BRDA:208,12,1,0
BRDA:216,13,0,0
BRDA:216,13,1,0
BRDA:226,14,0,0
BRDA:226,14,1,0
BRDA:262,15,0,0
BRDA:262,15,1,0
BRDA:270,16,0,0
BRDA:270,16,1,0
BRDA:280,17,0,0
BRDA:280,17,1,0
BRDA:316,18,0,0
BRDA:316,18,1,0
BRDA:324,19,0,0
BRDA:324,19,1,0
BRDA:334,20,0,0
BRDA:334,20,1,0
BRDA:370,21,0,0
BRDA:370,21,1,0
BRDA:378,22,0,0
BRDA:378,22,1,0
BRDA:388,23,0,0
BRDA:388,23,1,0
BRDA:428,24,0,0
BRDA:428,24,1,0
BRDA:438,25,0,0
BRDA:438,25,1,0
BRDA:510,26,0,0
BRDA:510,26,1,0
BRDA:518,27,0,0
BRDA:518,27,1,0
BRDA:528,28,0,0
BRDA:528,28,1,0
BRDA:546,29,0,0
BRDA:546,29,1,0
BRDA:569,30,0,0
BRDA:569,30,1,0
BRDA:575,31,0,0
BRDA:575,31,1,0
BRDA:581,32,0,0
BRDA:581,32,1,0
BRDA:591,33,0,0
BRDA:591,33,1,0
BRDA:591,34,0,0
BRDA:591,34,1,0
BRDA:598,35,0,0
BRDA:598,35,1,0
BRDA:599,36,0,0
BRDA:599,36,1,0
BRDA:603,37,0,0
BRDA:603,37,1,0
BRDA:604,38,0,0
BRDA:604,38,1,0
BRDA:630,39,0,0
BRDA:630,39,1,0
BRDA:636,40,0,0
BRDA:636,40,1,0
BRDA:642,41,0,0
BRDA:642,41,1,0
BRDA:652,42,0,0
BRDA:652,42,1,0
BRDA:652,43,0,0
BRDA:652,43,1,0
BRDA:668,44,0,0
BRDA:668,44,1,0
BRDA:689,45,0,0
BRDA:689,45,1,0
BRDA:697,46,0,0
BRDA:697,46,1,0
BRDA:707,47,0,0
BRDA:707,47,1,0
BRDA:715,48,0,0
BRDA:715,48,1,0
BRDA:728,49,0,0
BRDA:728,49,1,0
BRDA:751,50,0,0
BRDA:751,50,1,0
BRDA:759,51,0,0
BRDA:759,51,1,0
BRDA:769,52,0,0
BRDA:769,52,1,0
BRDA:781,53,0,0
BRDA:781,53,1,0
BRDA:824,54,0,0
BRDA:824,54,1,0
BRDA:830,55,0,0
BRDA:830,55,1,0
BRDA:838,56,0,0
BRDA:838,56,1,0
BRF:114
BRH:0
end_of_record
TN:
SF:controllers\user-profile.js
FN:15,(anonymous_0)
FN:41,(anonymous_1)
FN:75,(anonymous_2)
FN:106,(anonymous_3)
FN:130,(anonymous_4)
FNF:5
FNH:0
FNDA:0,(anonymous_0)
FNDA:0,(anonymous_1)
FNDA:0,(anonymous_2)
FNDA:0,(anonymous_3)
FNDA:0,(anonymous_4)
DA:15,1
DA:16,0
DA:17,0
DA:19,0
DA:21,0
DA:22,0
DA:27,0
DA:29,0
DA:31,0
DA:32,0
DA:41,1
DA:42,0
DA:43,0
DA:45,0
DA:46,0
DA:48,0
DA:50,0
DA:51,0
DA:55,0
DA:57,0
DA:62,0
DA:63,0
DA:65,0
DA:66,0
DA:75,1
DA:76,0
DA:77,0
DA:78,0
DA:80,0
DA:81,0
DA:82,0
DA:84,0
DA:85,0
DA:86,0
DA:88,0
DA:89,0
DA:91,0
DA:93,0
DA:94,0
DA:106,1
DA:107,0
DA:108,0
DA:109,0
DA:110,0
DA:112,0
DA:113,0
DA:115,0
DA:120,0
DA:121,0
DA:130,1
DA:131,0
DA:132,0
DA:134,0
DA:135,0
DA:140,0
DA:141,0
DA:143,0
DA:146,0
DA:150,0
DA:151,0
DA:152,0
DA:153,0
DA:154,0
DA:155,0
DA:156,0
DA:160,0
DA:161,0
DA:162,0
DA:163,0
DA:166,0
DA:172,0
DA:182,0
DA:183,0
LF:73
LH:5
BRDA:19,0,0,0
BRDA:19,0,1,0
BRDA:21,1,0,0
BRDA:21,1,1,0
BRDA:21,2,0,0
BRDA:21,2,1,0
BRDA:46,3,0,0
BRDA:46,3,1,0
BRDA:48,4,0,0
BRDA:48,4,1,0
BRDA:50,5,0,0
BRDA:50,5,1,0
BRDA:51,6,0,0
BRDA:51,6,1,0
BRDA:52,7,0,0
BRDA:52,7,1,0
BRDA:80,8,0,0
BRDA:80,8,1,0
BRDA:81,9,0,0
BRDA:81,9,1,0
BRDA:85,10,0,0
BRDA:85,10,1,0
BRDA:110,11,0,0
BRDA:110,11,1,0
BRDA:116,12,0,0
BRDA:116,12,1,0
BRDA:134,13,0,0
BRDA:134,13,1,0
BRDA:134,14,0,0
BRDA:134,14,1,0
BRDA:150,15,0,0
BRDA:150,15,1,0
BRDA:151,16,0,0
BRDA:151,16,1,0
BRDA:151,17,0,0
BRDA:151,17,1,0
BRDA:153,18,0,0
BRDA:153,18,1,0
BRDA:155,19,0,0
BRDA:155,19,1,0
BRF:40
BRH:0
end_of_record
TN:
SF:controllers\workspace.js
FN:17,(anonymous_0)
FN:46,(anonymous_1)
FN:64,(anonymous_2)
FN:88,(anonymous_3)
FN:117,(anonymous_4)
FN:127,(anonymous_5)
FN:147,(anonymous_6)
FN:149,(anonymous_7)
FN:153,(anonymous_8)
FN:153,(anonymous_9)
FN:158,(anonymous_10)
FN:158,(anonymous_11)
FN:163,(anonymous_12)
FN:164,(anonymous_13)
FN:168,(anonymous_14)
FN:173,(anonymous_15)
FN:189,(anonymous_16)
FN:200,(anonymous_17)
FN:210,(anonymous_18)
FN:273,(anonymous_19)
FN:276,(anonymous_20)
FN:314,(anonymous_21)
FN:333,(anonymous_22)
FN:358,(anonymous_23)
FN:374,(anonymous_24)
FN:386,(anonymous_25)
FN:390,(anonymous_26)
FN:431,(anonymous_27)
FN:443,(anonymous_28)
FN:459,(anonymous_29)
FN:576,(anonymous_30)
FN:587,(anonymous_31)
FN:624,(anonymous_32)
FN:639,(anonymous_33)
FN:684,(anonymous_34)
FN:696,(anonymous_35)
FN:706,(anonymous_36)
FN:717,(anonymous_37)
FN:732,(anonymous_38)
FN:744,(anonymous_39)
FN:754,(anonymous_40)
FNF:41
FNH:0
FNDA:0,(anonymous_0)
FNDA:0,(anonymous_1)
FNDA:0,(anonymous_2)
FNDA:0,(anonymous_3)
FNDA:0,(anonymous_4)
FNDA:0,(anonymous_5)
FNDA:0,(anonymous_6)
FNDA:0,(anonymous_7)
FNDA:0,(anonymous_8)
FNDA:0,(anonymous_9)
FNDA:0,(anonymous_10)
FNDA:0,(anonymous_11)
FNDA:0,(anonymous_12)
FNDA:0,(anonymous_13)
FNDA:0,(anonymous_14)
FNDA:0,(anonymous_15)
FNDA:0,(anonymous_16)
FNDA:0,(anonymous_17)
FNDA:0,(anonymous_18)
FNDA:0,(anonymous_19)
FNDA:0,(anonymous_20)
FNDA:0,(anonymous_21)
FNDA:0,(anonymous_22)
FNDA:0,(anonymous_23)
FNDA:0,(anonymous_24)
FNDA:0,(anonymous_25)
FNDA:0,(anonymous_26)
FNDA:0,(anonymous_27)
FNDA:0,(anonymous_28)
FNDA:0,(anonymous_29)
FNDA:0,(anonymous_30)
FNDA:0,(anonymous_31)
FNDA:0,(anonymous_32)
FNDA:0,(anonymous_33)
FNDA:0,(anonymous_34)
FNDA:0,(anonymous_35)
FNDA:0,(anonymous_36)
FNDA:0,(anonymous_37)
FNDA:0,(anonymous_38)
FNDA:0,(anonymous_39)
FNDA:0,(anonymous_40)
DA:17,1
DA:18,0
DA:19,0
DA:21,0
DA:35,0
DA:37,0
DA:38,0
DA:46,1
DA:47,0
DA:48,0
DA:52,0
DA:54,0
DA:55,0
DA:64,1
DA:65,0
DA:66,0
DA:68,0
DA:72,0
DA:73,0
DA:76,0
DA:78,0
DA:79,0
DA:88,1
DA:89,0
DA:90,0
DA:92,0
DA:97,0
DA:98,0
DA:101,0
DA:106,0
DA:108,0
DA:109,0
DA:117,1
DA:118,0
DA:119,0
DA:121,0
DA:122,0
DA:123,0
DA:126,0
DA:127,0
DA:129,0
DA:130,0
DA:136,0
DA:147,0
DA:148,0
DA:149,0
DA:152,0
DA:153,0
DA:157,0
DA:158,0
DA:162,0
DA:164,0
DA:168,0
DA:171,0
DA:172,0
DA:173,0
DA:174,0
DA:175,0
DA:179,0
DA:189,0
DA:190,0
DA:191,0
DA:192,0
DA:196,0
DA:197,0
DA:198,0
DA:199,0
DA:201,0
DA:206,0
DA:207,0
DA:210,0
DA:212,0
DA:213,0
DA:215,0
DA:216,0
DA:218,0
DA:219,0
DA:221,0
DA:222,0
DA:230,0
DA:235,0
DA:236,0
DA:238,0
DA:239,0
DA:241,0
DA:242,0
DA:244,0
DA:245,0
DA:250,0
DA:255,0
DA:256,0
DA:258,0
DA:259,0
DA:261,0
DA:262,0
DA:264,0
DA:265,0
DA:270,0
DA:271,0
DA:272,0
DA:273,0
DA:275,0
DA:276,0
DA:278,0
DA:285,0
DA:294,0
DA:304,0
DA:305,0
DA:314,1
DA:315,0
DA:316,0
DA:317,0
DA:320,0
DA:325,0
DA:326,0
DA:332,0
DA:333,0
DA:335,0
DA:336,0
DA:340,0
DA:341,0
DA:342,0
DA:344,0
DA:346,0
DA:348,0
DA:349,0
DA:358,1
DA:359,0
DA:360,0
DA:363,0
DA:368,0
DA:369,0
DA:373,0
DA:374,0
DA:376,0
DA:377,0
DA:383,0
DA:386,0
DA:389,0
DA:390,0
DA:393,0
DA:396,0
DA:401,0
DA:404,0
DA:407,0
DA:410,0
DA:412,0
DA:417,0
DA:418,0
DA:431,1
DA:432,0
DA:433,0
DA:434,0
DA:436,0
DA:437,0
DA:438,0
DA:442,0
DA:443,0
DA:445,0
DA:446,0
DA:452,0
DA:453,0
DA:454,0
DA:458,0
DA:459,0
DA:461,0
DA:462,0
DA:468,0
DA:472,0
DA:473,0
DA:477,0
DA:478,0
DA:482,0
DA:493,0
DA:502,0
DA:505,0
DA:557,0
DA:563,0
DA:565,0
DA:566,0
DA:576,1
DA:577,0
DA:578,0
DA:579,0
DA:581,0
DA:582,0
DA:586,0
DA:587,0
DA:589,0
DA:590,0
DA:594,0
DA:599,0
DA:602,0
DA:610,0
DA:612,0
DA:613,0
DA:624,1
DA:625,0
DA:626,0
DA:629,0
DA:630,0
DA:632,0
DA:633,0
DA:634,0
DA:638,0
DA:639,0
DA:641,0
DA:642,0
DA:646,0
DA:650,0
DA:651,0
DA:653,0
DA:654,0
DA:658,0
DA:663,0
DA:666,0
DA:673,0
DA:675,0
DA:676,0
DA:684,1
DA:685,0
DA:686,0
DA:688,0
DA:690,0
DA:691,0
DA:695,0
DA:696,0
DA:698,0
DA:699,0
DA:705,0
DA:706,0
DA:708,0
DA:709,0
DA:711,0
DA:712,0
DA:716,0
DA:717,0
DA:720,0
DA:722,0
DA:724,0
DA:725,0
DA:732,1
DA:733,0
DA:734,0
DA:736,0
DA:738,0
DA:739,0
DA:743,0
DA:744,0
DA:746,0
DA:747,0
DA:753,0
DA:754,0
DA:756,0
DA:757,0
DA:761,0
DA:762,0
DA:764,0
DA:766,0
DA:768,0
DA:769,0
LF:261
LH:12
BRDA:72,0,0,0
BRDA:72,0,1,0
BRDA:97,1,0,0
BRDA:97,1,1,0
BRDA:122,2,0,0
BRDA:122,2,1,0
BRDA:129,3,0,0
BRDA:129,3,1,0
BRDA:175,4,0,0
BRDA:175,4,1,0
BRDA:201,5,0,0
BRDA:201,5,1,0
BRDA:201,5,2,0
BRDA:206,6,0,0
BRDA:206,6,1,0
BRDA:212,7,0,0
BRDA:212,7,1,0
BRDA:213,8,0,0
BRDA:213,8,1,0
BRDA:213,8,2,0
BRDA:236,9,0,0
BRDA:236,9,1,0
BRDA:236,9,2,0
BRDA:256,10,0,0
BRDA:256,10,1,0
BRDA:256,10,2,0
BRDA:276,11,0,0
BRDA:276,11,1,0
BRDA:325,12,0,0
BRDA:325,12,1,0
BRDA:335,13,0,0
BRDA:335,13,1,0
BRDA:335,14,0,0
BRDA:335,14,1,0
BRDA:335,14,2,0
BRDA:340,15,0,0
BRDA:340,15,1,0
BRDA:341,16,0,0
BRDA:341,16,1,0
BRDA:342,17,0,0
BRDA:342,17,1,0
BRDA:368,18,0,0
BRDA:368,18,1,0
BRDA:376,19,0,0
BRDA:376,19,1,0
BRDA:376,20,0,0
BRDA:376,20,1,0
BRDA:437,21,0,0
BRDA:437,21,1,0
BRDA:445,22,0,0
BRDA:445,22,1,0
BRDA:445,23,0,0
BRDA:445,23,1,0
BRDA:453,24,0,0
BRDA:453,24,1,0
BRDA:461,25,0,0
BRDA:461,25,1,0
BRDA:472,26,0,0
BRDA:472,26,1,0
BRDA:472,27,0,0
BRDA:472,27,1,0
BRDA:477,28,0,0
BRDA:477,28,1,0
BRDA:477,29,0,0
BRDA:477,29,1,0
BRDA:486,30,0,0
BRDA:486,30,1,0
BRDA:497,31,0,0
BRDA:497,31,1,0
BRDA:581,32,0,0
BRDA:581,32,1,0
BRDA:589,33,0,0
BRDA:589,33,1,0
BRDA:633,34,0,0
BRDA:633,34,1,0
BRDA:641,35,0,0
BRDA:641,35,1,0
BRDA:650,36,0,0
BRDA:650,36,1,0
BRDA:653,37,0,0
BRDA:653,37,1,0
BRDA:660,38,0,0
BRDA:660,38,1,0
BRDA:690,39,0,0
BRDA:690,39,1,0
BRDA:698,40,0,0
BRDA:698,40,1,0
BRDA:698,41,0,0
BRDA:698,41,1,0
BRDA:708,42,0,0
BRDA:708,42,1,0
BRDA:711,43,0,0
BRDA:711,43,1,0
BRDA:738,44,0,0
BRDA:738,44,1,0
BRDA:746,45,0,0
BRDA:746,45,1,0
BRDA:746,46,0,0
BRDA:746,46,1,0
BRDA:756,47,0,0
BRDA:756,47,1,0
BRF:101
BRH:0
end_of_record
TN:
SF:libs\arcjet.js
FNF:0
FNH:0
DA:8,1
LF:1
LH:1
BRF:0
BRH:0
end_of_record
TN:
SF:libs\index.js
FN:4,(anonymous_0)
FNF:1
FNH:0
FNDA:0,(anonymous_0)
DA:4,1
DA:11,0
DA:13,0
DA:21,0
LF:4
LH:1
BRF:0
BRH:0
end_of_record
TN:
SF:libs\send-email.js
FN:13,(anonymous_0)
FNF:1
FNH:0
FNDA:0,(anonymous_0)
DA:4,1
DA:7,1
DA:10,1
DA:13,1
DA:14,0
DA:21,0
DA:22,0
DA:23,0
DA:25,0
DA:27,0
DA:29,0
LF:11
LH:4
BRF:0
BRH:0
end_of_record
TN:
SF:libs\validate-schema.js
FN:52,(anonymous_0)
FN:85,(anonymous_1)
FN:105,(anonymous_2)
FN:127,(anonymous_3)
FN:130,(anonymous_4)
FN:142,(anonymous_5)
FN:168,(anonymous_6)
FN:174,(anonymous_7)
FN:188,(anonymous_8)
FNF:9
FNH:0
FNDA:0,(anonymous_0)
FNDA:0,(anonymous_1)
FNDA:0,(anonymous_2)
FNDA:0,(anonymous_3)
FNDA:0,(anonymous_4)
FNDA:0,(anonymous_5)
FNDA:0,(anonymous_6)
FNDA:0,(anonymous_7)
FNDA:0,(anonymous_8)
DA:7,1
DA:9,1
DA:19,1
DA:28,1
DA:35,1
DA:42,1
DA:52,0
DA:60,1
DA:64,1
DA:69,1
DA:76,1
DA:85,0
DA:93,1
DA:105,0
DA:113,1
DA:127,0
DA:130,0
DA:142,0
DA:150,1
DA:168,0
DA:174,0
DA:189,0
DA:201,1
LF:23
LH:14
BRDA:85,0,0,0
BRDA:85,0,1,0
BRDA:105,1,0,0
BRDA:105,1,1,0
BRDA:189,2,0,0
BRDA:189,2,1,0
BRDA:189,2,2,0
BRF:7
BRH:0
end_of_record
TN:
SF:middleware\auth-middleware.js
FN:7,(anonymous_0)
FNF:1
FNH:1
FNDA:5,(anonymous_0)
DA:7,2
DA:8,5
DA:9,5
DA:11,5
DA:12,1
DA:17,4
DA:18,4
DA:20,0
DA:22,0
DA:23,0
DA:29,0
DA:30,0
DA:32,4
DA:33,4
DA:34,0
DA:36,4
LF:16
LH:10
BRDA:11,0,0,1
BRDA:11,0,1,4
BRDA:11,1,0,5
BRDA:11,1,1,4
BRDA:22,2,0,0
BRDA:22,2,1,0
BRDA:33,3,0,0
BRDA:33,3,1,4
BRF:8
BRH:5
end_of_record
TN:
SF:middleware\upload.js
FN:13,(anonymous_0)
FN:16,(anonymous_1)
FN:24,(anonymous_2)
FNF:3
FNH:0
FNDA:0,(anonymous_0)
FNDA:0,(anonymous_1)
FNDA:0,(anonymous_2)
DA:6,1
DA:7,1
DA:8,0
DA:12,1
DA:14,0
DA:17,0
DA:18,0
DA:19,0
DA:24,1
DA:25,0
DA:26,0
DA:28,0
DA:32,1
LF:13
LH:5
BRDA:7,0,0,0
BRDA:7,0,1,1
BRDA:25,1,0,0
BRDA:25,1,1,0
BRF:4
BRH:1
end_of_record
TN:
SF:models\activity.js
FNF:0
FNH:0
DA:6,1
DA:66,1
DA:67,1
DA:68,1
DA:70,1
LF:5
LH:5
BRF:0
BRH:0
end_of_record
TN:
SF:models\comment.js
FNF:0
FNH:0
DA:3,1
DA:62,1
LF:2
LH:2
BRF:0
BRH:0
end_of_record
TN:
SF:models\project.js
FNF:0
FNH:0
DA:3,1
DA:86,1
LF:2
LH:2
BRF:0
BRH:0
end_of_record
TN:
SF:models\task.js
FNF:0
FNH:0
DA:3,1
DA:72,1
LF:2
LH:2
BRF:0
BRH:0
end_of_record
TN:
SF:models\user.js
FNF:0
FNH:0
DA:4,2
DA:51,2
LF:2
LH:2
BRF:0
BRH:0
end_of_record
TN:
SF:models\verification.js
FNF:0
FNH:0
DA:3,1
DA:22,1
LF:2
LH:2
BRF:0
BRH:0
end_of_record
TN:
SF:models\workspace-invite.js
FNF:0
FNH:0
DA:3,1
DA:32,1
LF:2
LH:2
BRF:0
BRH:0
end_of_record
TN:
SF:models\workspace.js
FNF:0
FNH:0
DA:3,1
DA:35,1
LF:2
LH:2
BRF:0
BRH:0
end_of_record
TN:
SF:routes\auth.js
FNF:0
FNH:0
DA:19,1
DA:22,1
DA:29,1
DA:32,1
DA:35,1
DA:42,1
DA:49,1
LF:7
LH:7
BRF:0
BRH:0
end_of_record
TN:
SF:routes\index.js
FNF:0
FNH:0
DA:8,1
DA:11,1
DA:16,1
DA:18,1
DA:20,1
DA:21,1
LF:6
LH:6
BRF:0
BRH:0
end_of_record
TN:
SF:routes\project.js
FNF:0
FNH:0
DA:17,1
DA:22,1
DA:37,1
DA:49,1
DA:61,1
DA:74,1
DA:86,1
LF:7
LH:7
BRF:0
BRH:0
end_of_record
TN:
SF:routes\task.js
FN:36,(anonymous_0)
FN:53,(anonymous_1)
FNF:2
FNH:0
FNDA:0,(anonymous_0)
FNDA:0,(anonymous_1)
DA:31,1
DA:36,1
DA:37,0
DA:38,0
DA:41,0
DA:51,0
DA:52,0
DA:53,0
DA:57,0
DA:59,0
DA:60,0
DA:67,1
DA:82,1
DA:95,1
DA:108,1
DA:120,1
DA:132,1
DA:146,1
DA:163,1
DA:180,1
DA:185,1
DA:198,1
DA:211,1
DA:225,1
DA:238,1
DA:250,1
DA:262,1
DA:299,1
DA:314,1
LF:29
LH:20
BRDA:51,0,0,0
BRDA:51,0,1,0
BRDA:53,1,0,0
BRDA:53,1,1,0
BRF:4
BRH:0
end_of_record
TN:
SF:routes\user.js
FNF:0
FNH:0
DA:11,1
DA:14,1
DA:17,1
DA:25,1
DA:28,1
LF:5
LH:5
BRF:0
BRH:0
end_of_record
TN:
SF:routes\workspace.js
FNF:0
FNH:0
DA:26,1
DA:28,1
DA:36,1
DA:39,1
DA:42,1
DA:45,1
DA:48,1
DA:56,1
DA:63,1
DA:70,1
DA:73,1
DA:80,1
DA:90,1
LF:13
LH:13
BRF:0
BRH:0
end_of_record
